[2026-04-08 10:50:00Z INFO HostContext] No proxy settings were found based on environmental variables (http_proxy/https_proxy/HTTP_PROXY/HTTPS_PROXY)
[2026-04-08 10:50:00Z INFO HostContext] Well known directory 'Bin': 'C:\Users\HP\Downloads\MarkLogic\actions-runner\bin'
[2026-04-08 10:50:00Z INFO HostContext] Well known directory 'Root': 'C:\Users\HP\Downloads\MarkLogic\actions-runner'
[2026-04-08 10:50:00Z INFO HostContext] Well known config file 'Credentials': 'C:\Users\HP\Downloads\MarkLogic\actions-runner\.credentials'
[2026-04-08 10:50:01Z INFO HostContext] Well known directory 'Bin': 'C:\Users\HP\Downloads\MarkLogic\actions-runner\bin'
[2026-04-08 10:50:01Z INFO HostContext] Well known directory 'Root': 'C:\Users\HP\Downloads\MarkLogic\actions-runner'
[2026-04-08 10:50:01Z INFO HostContext] Well known config file 'Runner': 'C:\Users\HP\Downloads\MarkLogic\actions-runner\.runner'
[2026-04-08 10:50:01Z INFO Listener] Runner is built for Windows (X64) - win-x64.
[2026-04-08 10:50:01Z INFO Listener] RuntimeInformation: Microsoft Windows 10.0.26200.
[2026-04-08 10:50:01Z INFO Listener] Version: 2.333.1
[2026-04-08 10:50:01Z INFO Listener] Commit: 6792966801e8925346735b68c03bf9f347af4646
[2026-04-08 10:50:01Z INFO Listener] Culture: en-BS
[2026-04-08 10:50:01Z INFO Listener] UI Culture: en-GB
[2026-04-08 10:50:01Z INFO HostContext] Well known directory 'Bin': 'C:\Users\HP\Downloads\MarkLogic\actions-runner\bin'
[2026-04-08 10:50:01Z INFO HostContext] Well known directory 'Root': 'C:\Users\HP\Downloads\MarkLogic\actions-runner'
[2026-04-08 10:50:01Z INFO Listener] Validating directory permissions for: 'C:\Users\HP\Downloads\MarkLogic\actions-runner'
[2026-04-08 10:50:01Z INFO CommandLineParser] Parse
[2026-04-08 10:50:01Z INFO CommandLineParser] Parsing 1 args
[2026-04-08 10:50:01Z INFO CommandLineParser] parsing argument
[2026-04-08 10:50:01Z INFO CommandLineParser] HasArgs: False
[2026-04-08 10:50:01Z INFO CommandLineParser] Adding Command: run
[2026-04-08 10:50:01Z INFO Listener] Arguments parsed
[2026-04-08 10:50:01Z INFO Runner] ExecuteCommand
[2026-04-08 10:50:01Z INFO ConfigurationStore] currentAssemblyLocation: C:\Users\HP\Downloads\MarkLogic\actions-runner\bin\Runner.Listener.dll
[2026-04-08 10:50:01Z INFO HostContext] Well known directory 'Bin': 'C:\Users\HP\Downloads\MarkLogic\actions-runner\bin'
[2026-04-08 10:50:01Z INFO ConfigurationStore] binPath: C:\Users\HP\Downloads\MarkLogic\actions-runner\bin
[2026-04-08 10:50:01Z INFO HostContext] Well known directory 'Bin': 'C:\Users\HP\Downloads\MarkLogic\actions-runner\bin'
[2026-04-08 10:50:01Z INFO HostContext] Well known directory 'Root': 'C:\Users\HP\Downloads\MarkLogic\actions-runner'
[2026-04-08 10:50:01Z INFO ConfigurationStore] RootFolder: C:\Users\HP\Downloads\MarkLogic\actions-runner
[2026-04-08 10:50:01Z INFO HostContext] Well known directory 'Bin': 'C:\Users\HP\Downloads\MarkLogic\actions-runner\bin'
[2026-04-08 10:50:01Z INFO HostContext] Well known directory 'Root': 'C:\Users\HP\Downloads\MarkLogic\actions-runner'
[2026-04-08 10:50:01Z INFO HostContext] Well known config file 'Runner': 'C:\Users\HP\Downloads\MarkLogic\actions-runner\.runner'
[2026-04-08 10:50:01Z INFO ConfigurationStore] ConfigFilePath: C:\Users\HP\Downloads\MarkLogic\actions-runner\.runner
[2026-04-08 10:50:01Z INFO HostContext] Well known directory 'Bin': 'C:\Users\HP\Downloads\MarkLogic\actions-runner\bin'
[2026-04-08 10:50:01Z INFO HostContext] Well known directory 'Root': 'C:\Users\HP\Downloads\MarkLogic\actions-runner'
[2026-04-08 10:50:01Z INFO HostContext] Well known config file 'MigratedRunner': 'C:\Users\HP\Downloads\MarkLogic\actions-runner\.runner_migrated'
[2026-04-08 10:50:01Z INFO ConfigurationStore] MigratedConfigFilePath: C:\Users\HP\Downloads\MarkLogic\actions-runner\.runner_migrated
[2026-04-08 10:50:01Z INFO HostContext] Well known directory 'Bin': 'C:\Users\HP\Downloads\MarkLogic\actions-runner\bin'
[2026-04-08 10:50:01Z INFO HostContext] Well known directory 'Root': 'C:\Users\HP\Downloads\MarkLogic\actions-runner'
[2026-04-08 10:50:01Z INFO HostContext] Well known config file 'Credentials': 'C:\Users\HP\Downloads\MarkLogic\actions-runner\.credentials'
[2026-04-08 10:50:01Z INFO ConfigurationStore] CredFilePath: C:\Users\HP\Downloads\MarkLogic\actions-runner\.credentials
[2026-04-08 10:50:01Z INFO HostContext] Well known directory 'Bin': 'C:\Users\HP\Downloads\MarkLogic\actions-runner\bin'
[2026-04-08 10:50:01Z INFO HostContext] Well known directory 'Root': 'C:\Users\HP\Downloads\MarkLogic\actions-runner'
[2026-04-08 10:50:01Z INFO HostContext] Well known config file 'MigratedCredentials': 'C:\Users\HP\Downloads\MarkLogic\actions-runner\.credentials_migrated'
[2026-04-08 10:50:01Z INFO ConfigurationStore] MigratedCredFilePath: C:\Users\HP\Downloads\MarkLogic\actions-runner\.credentials_migrated
[2026-04-08 10:50:01Z INFO HostContext] Well known directory 'Bin': 'C:\Users\HP\Downloads\MarkLogic\actions-runner\bin'
[2026-04-08 10:50:01Z INFO HostContext] Well known directory 'Root': 'C:\Users\HP\Downloads\MarkLogic\actions-runner'
[2026-04-08 10:50:01Z INFO HostContext] Well known config file 'Service': 'C:\Users\HP\Downloads\MarkLogic\actions-runner\.service'
[2026-04-08 10:50:01Z INFO ConfigurationStore] ServiceConfigFilePath: C:\Users\HP\Downloads\MarkLogic\actions-runner\.service
[2026-04-08 10:50:01Z INFO CommandSettings] Flag 'help': 'False'
[2026-04-08 10:50:01Z INFO CommandSettings] Flag 'version': 'False'
[2026-04-08 10:50:01Z INFO CommandSettings] Flag 'commit': 'False'
[2026-04-08 10:50:01Z INFO CommandSettings] Flag 'check': 'False'
[2026-04-08 10:50:01Z INFO CommandSettings] Command 'configure': 'False'
[2026-04-08 10:50:01Z INFO CommandSettings] Command 'remove': 'False'
[2026-04-08 10:50:01Z INFO CommandSettings] Command 'warmup': 'False'
[2026-04-08 10:50:01Z INFO ConfigurationManager] LoadSettings
[2026-04-08 10:50:01Z INFO ConfigurationStore] IsConfigured()
[2026-04-08 10:50:01Z INFO ConfigurationStore] IsConfigured: True
[2026-04-08 10:50:01Z INFO ConfigurationManager] Is configured: True
[2026-04-08 10:50:01Z INFO ConfigurationStore] Read setting file: 406 chars
[2026-04-08 10:50:01Z INFO ConfigurationManager] Settings Loaded
[2026-04-08 10:50:01Z INFO ConfigurationStore] IsServiceConfigured()
[2026-04-08 10:50:01Z INFO ConfigurationStore] IsServiceConfigured: True
[2026-04-08 10:50:01Z INFO CommandSettings] Command 'run': 'True'
[2026-04-08 10:50:01Z INFO ConfigurationStore] IsConfigured()
[2026-04-08 10:50:01Z INFO ConfigurationStore] IsConfigured: True
[2026-04-08 10:50:01Z INFO ConfigurationManager] Is configured: True
[2026-04-08 10:50:01Z INFO Runner] Try determine runner startup type base on console redirects.
[2026-04-08 10:50:01Z INFO Runner] Set runner startup type - Manual
[2026-04-08 10:50:01Z INFO CommandSettings] Flag 'once': 'False'
[2026-04-08 10:50:01Z INFO CommandSettings] Flag 'once': 'False'
[2026-04-08 10:50:01Z INFO Runner] RunAsync
[2026-04-08 10:50:01Z INFO HostContext] Well known directory 'Bin': 'C:\Users\HP\Downloads\MarkLogic\actions-runner\bin'
[2026-04-08 10:50:01Z INFO HostContext] Well known directory 'Root': 'C:\Users\HP\Downloads\MarkLogic\actions-runner'
[2026-04-08 10:50:01Z INFO HostContext] Well known directory 'Work': 'C:\Users\HP\Downloads\MarkLogic\actions-runner\_work'
[2026-04-08 10:50:01Z INFO Runner] Validating directory permissions for: 'C:\Users\HP\Downloads\MarkLogic\actions-runner\_work'
[2026-04-08 10:50:01Z INFO ConfigurationManager] LoadMigratedSettings
[2026-04-08 10:50:01Z INFO ConfigurationStore] IsMigratedConfigured()
[2026-04-08 10:50:01Z INFO ConfigurationStore] IsMigratedConfigured: False
[2026-04-08 10:50:01Z INFO Runner] Failed to load migrated settings: No migrated configuration found.
[2026-04-08 10:50:01Z INFO Runner] Falling back to original .runner settings
[2026-04-08 10:50:01Z INFO Runner] Using BrokerMessageListener
[2026-04-08 10:50:01Z INFO BrokerMessageListener] Using provided settings
[2026-04-08 10:50:01Z INFO BrokerMessageListener] {
  "AgentId": 2,
  "AgentName": "KHUSHI",
  "PoolId": 1,
  "PoolName": "Default",
  "ServerUrl": "https://pipelinesghubeus24.actions.githubusercontent.com/2TR98a0Zas2k3Qc8wFcQK1DFvhi0GC2M6HKonGU6U1y0mlfFTK/",
  "GitHubUrl": "https://github.com/khushipadmakar/Marklogic_Dagster_DBT",
  "WorkFolder": "_work",
  "UseV2Flow": true,
  "ServerUrlV2": "https://broker.actions.githubusercontent.com/"
}
[2026-04-08 10:50:01Z INFO BrokerMessageListener] Loading Credentials
[2026-04-08 10:50:01Z INFO ConfigurationStore] HasCredentials()
[2026-04-08 10:50:01Z INFO ConfigurationStore] stored True
[2026-04-08 10:50:01Z INFO CredentialManager] GetCredentialProvider
[2026-04-08 10:50:01Z INFO CredentialManager] Creating type OAuth
[2026-04-08 10:50:01Z INFO CredentialManager] Creating credential type: OAuth
[2026-04-08 10:50:01Z INFO HostContext] Well known directory 'Bin': 'C:\Users\HP\Downloads\MarkLogic\actions-runner\bin'
[2026-04-08 10:50:01Z INFO HostContext] Well known directory 'Root': 'C:\Users\HP\Downloads\MarkLogic\actions-runner'
[2026-04-08 10:50:01Z INFO HostContext] Well known config file 'RSACredentials': 'C:\Users\HP\Downloads\MarkLogic\actions-runner\.credentials_rsaparams'
[2026-04-08 10:50:01Z INFO RSAEncryptedFileKeyManager] Loading RSA key parameters from file C:\Users\HP\Downloads\MarkLogic\actions-runner\.credentials_rsaparams
[2026-04-08 10:50:01Z INFO BrokerMessageListener] Attempt to create session.
[2026-04-08 10:50:01Z INFO BrokerMessageListener] Connecting to the Broker Server...
[2026-04-08 10:50:01Z INFO ConfigurationStore] HasCredentials()
[2026-04-08 10:50:01Z INFO ConfigurationStore] stored True
[2026-04-08 10:50:01Z INFO CredentialManager] GetCredentialProvider
[2026-04-08 10:50:01Z INFO CredentialManager] Creating type OAuth
[2026-04-08 10:50:01Z INFO CredentialManager] Creating credential type: OAuth
[2026-04-08 10:50:01Z INFO RSAEncryptedFileKeyManager] Loading RSA key parameters from file C:\Users\HP\Downloads\MarkLogic\actions-runner\.credentials_rsaparams
[2026-04-08 10:50:01Z INFO BrokerMessageListener] VssConnection created
[2026-04-08 10:50:01Z INFO BrokerMessageListener] Connecting to the Runner server...
[2026-04-08 10:50:01Z INFO RunnerServer] EstablishVssConnection
[2026-04-08 10:50:01Z INFO RunnerServer] Establish connection with 100 seconds timeout.
[2026-04-08 10:50:01Z INFO GitHubActionsService] Starting operation Location.GetConnectionData
[2026-04-08 10:50:01Z INFO RunnerServer] EstablishVssConnection
[2026-04-08 10:50:01Z INFO RunnerServer] Establish connection with 60 seconds timeout.
[2026-04-08 10:50:01Z INFO GitHubActionsService] Starting operation Location.GetConnectionData
[2026-04-08 10:50:01Z INFO RunnerServer] EstablishVssConnection
[2026-04-08 10:50:01Z INFO RunnerServer] Establish connection with 60 seconds timeout.
[2026-04-08 10:50:01Z INFO GitHubActionsService] Starting operation Location.GetConnectionData
[2026-04-08 10:50:02Z INFO GitHubActionsService] Finished operation Location.GetConnectionData
[2026-04-08 10:50:02Z INFO GitHubActionsService] Finished operation Location.GetConnectionData
[2026-04-08 10:50:03Z INFO GitHubActionsService] Finished operation Location.GetConnectionData
[2026-04-08 10:50:03Z INFO BrokerMessageListener] VssConnection created
[2026-04-08 10:50:03Z INFO Terminal] WRITE LINE: 
[2026-04-08 10:50:03Z INFO Terminal] WRITE LINE: 
[2026-04-08 10:50:03Z INFO RSAEncryptedFileKeyManager] Loading RSA key parameters from file C:\Users\HP\Downloads\MarkLogic\actions-runner\.credentials_rsaparams
[2026-04-08 10:50:03Z INFO RSAEncryptedFileKeyManager] Loading RSA key parameters from file C:\Users\HP\Downloads\MarkLogic\actions-runner\.credentials_rsaparams
[2026-04-08 10:50:05Z INFO GitHubActionsService] AAD Correlation ID for this token request: Unknown
[2026-04-08 10:50:06Z INFO BrokerMessageListener] Session created.
[2026-04-08 10:50:06Z INFO Terminal] WRITE LINE: Current runner version: '2.333.1'
[2026-04-08 10:50:06Z INFO Terminal] WRITE LINE: 2026-04-08 10:50:06Z: Listening for Jobs
[2026-04-08 10:50:06Z INFO JobDispatcher] Set runner/worker IPC timeout to 30 seconds.
[2026-04-08 10:57:27Z INFO BrokerMessageListener] Acknowledging runner request '1bd83cdd-bb9f-5d85-af7c-a5a26c6f6c61'.
[2026-04-08 10:57:28Z INFO ConfigurationStore] HasCredentials()
[2026-04-08 10:57:28Z INFO ConfigurationStore] stored True
[2026-04-08 10:57:28Z INFO CredentialManager] GetCredentialProvider
[2026-04-08 10:57:28Z INFO CredentialManager] Creating type OAuth
[2026-04-08 10:57:28Z INFO CredentialManager] Creating credential type: OAuth
[2026-04-08 10:57:28Z INFO RSAEncryptedFileKeyManager] Loading RSA key parameters from file C:\Users\HP\Downloads\MarkLogic\actions-runner\.credentials_rsaparams
[2026-04-08 10:57:28Z INFO RSAEncryptedFileKeyManager] Loading RSA key parameters from file C:\Users\HP\Downloads\MarkLogic\actions-runner\.credentials_rsaparams
[2026-04-08 10:57:28Z INFO RSAEncryptedFileKeyManager] Loading RSA key parameters from file C:\Users\HP\Downloads\MarkLogic\actions-runner\.credentials_rsaparams
[2026-04-08 10:57:28Z INFO GitHubActionsService] AAD Correlation ID for this token request: Unknown
[2026-04-08 10:57:31Z INFO JobDispatcher] Job request 0 for plan 11aa464a-6600-405e-9676-bdd3396cdecd job 1bd83cdd-bb9f-5d85-af7c-a5a26c6f6c61 received.
[2026-04-08 10:57:31Z INFO JobDispatcher] Pull OrchestrationId 11aa464a-6600-405e-9676-bdd3396cdecd.build-test.__default from JWT claims
[2026-04-08 10:57:31Z INFO BrokerMessageListener] Received job status event. JobState: Busy
[2026-04-08 10:57:31Z INFO BrokerMessageListener] _getMessagesTokenSource is already disposed.
[2026-04-08 10:57:31Z INFO Terminal] WRITE LINE: 2026-04-08 10:57:31Z: Running job: build-test
[2026-04-08 10:57:31Z INFO JobDispatcher] Start renew job request 0 for job 1bd83cdd-bb9f-5d85-af7c-a5a26c6f6c61.
[2026-04-08 10:57:32Z INFO JobDispatcher] Successfully renew job 1bd83cdd-bb9f-5d85-af7c-a5a26c6f6c61, job is valid till 08/04/2026 11:07:32 am
[2026-04-08 10:57:32Z INFO HostContext] Well known directory 'Bin': 'C:\Users\HP\Downloads\MarkLogic\actions-runner\bin'
[2026-04-08 10:57:32Z INFO ProcessInvokerWrapper] Starting process:
[2026-04-08 10:57:32Z INFO ProcessInvokerWrapper]   File name: 'C:\Users\HP\Downloads\MarkLogic\actions-runner\bin\Runner.Worker.exe'
[2026-04-08 10:57:32Z INFO ProcessInvokerWrapper]   Arguments: 'spawnclient 1172 2156'
[2026-04-08 10:57:32Z INFO ProcessInvokerWrapper]   Working directory: 'C:\Users\HP\Downloads\MarkLogic\actions-runner\bin'
[2026-04-08 10:57:32Z INFO ProcessInvokerWrapper]   Require exit code zero: 'False'
[2026-04-08 10:57:32Z INFO ProcessInvokerWrapper]   Encoding web name:  ; code page: ''
[2026-04-08 10:57:32Z INFO ProcessInvokerWrapper]   Force kill process on cancellation: 'True'
[2026-04-08 10:57:32Z INFO ProcessInvokerWrapper]   Redirected STDIN: 'False'
[2026-04-08 10:57:32Z INFO ProcessInvokerWrapper]   Persist current code page: 'False'
[2026-04-08 10:57:32Z INFO ProcessInvokerWrapper]   Keep redirected STDIN open: 'False'
[2026-04-08 10:57:32Z INFO ProcessInvokerWrapper]   High priority process: 'True'
[2026-04-08 10:57:32Z INFO ProcessInvokerWrapper] Process started with process id 25664, waiting for process exit.
[2026-04-08 10:57:32Z INFO JobDispatcher] Send job request message to worker for job 1bd83cdd-bb9f-5d85-af7c-a5a26c6f6c61.
[2026-04-08 10:57:33Z INFO ProcessChannel] Sending message of length 24413, with hash '2db37c1bf3764f530c4e71326e659300600fa07f3a19653c9ac56c3334412bae'
[2026-04-08 10:57:33Z INFO JobNotification] Entering JobStarted Notification
[2026-04-08 10:57:33Z INFO JobNotification] Entering StartMonitor
[2026-04-08 10:57:57Z INFO ProcessInvokerWrapper] STDOUT/STDERR stream read finished.
[2026-04-08 10:57:57Z INFO ProcessInvokerWrapper] STDOUT/STDERR stream read finished.
[2026-04-08 10:57:57Z INFO ProcessInvokerWrapper] Finished process 25664 with exit code 102, and elapsed time 00:00:24.7191527.
[2026-04-08 10:57:57Z INFO JobDispatcher] Worker finished for job 1bd83cdd-bb9f-5d85-af7c-a5a26c6f6c61. Code: 102
[2026-04-08 10:57:57Z INFO JobDispatcher] finish job request for job 1bd83cdd-bb9f-5d85-af7c-a5a26c6f6c61 with result: Failed
[2026-04-08 10:57:57Z INFO Terminal] WRITE LINE: 2026-04-08 10:57:57Z: Job build-test completed with result: Failed
[2026-04-08 10:57:57Z INFO JobDispatcher] Stop renew job request for job 1bd83cdd-bb9f-5d85-af7c-a5a26c6f6c61.
[2026-04-08 10:57:57Z INFO JobDispatcher] job renew has been cancelled, stop renew job 1bd83cdd-bb9f-5d85-af7c-a5a26c6f6c61.
[2026-04-08 10:57:57Z INFO JobNotification] Entering JobCompleted Notification
[2026-04-08 10:57:57Z INFO JobNotification] Entering EndMonitor
[2026-04-08 10:57:57Z INFO BrokerMessageListener] Received job status event. JobState: Online
[2026-04-08 10:57:57Z WARN GitHubActionsService] GET request to https://broker.actions.githubusercontent.com/message?sessionId=9be69119-1a3a-4df5-a20e-bdf929cb767e&status=Busy&runnerVersion=2.333.1&os=Windows&architecture=X64&disableUpdate=false has been cancelled.
[2026-04-08 10:57:57Z ERR  BrokerServer] Catch exception during request
[2026-04-08 10:57:57Z ERR  BrokerServer] System.Threading.Tasks.TaskCanceledException: The operation was canceled.
 ---> System.Threading.Tasks.TaskCanceledException: The operation was canceled.
 ---> System.IO.IOException: Unable to read data from the transport connection: The I/O operation has been aborted because of either a thread exit or an application request..
 ---> System.Net.Sockets.SocketException (995): The I/O operation has been aborted because of either a thread exit or an application request.
   --- End of inner exception stack trace ---
   at System.Net.Sockets.Socket.AwaitableSocketAsyncEventArgs.ThrowException(SocketError error, CancellationToken cancellationToken)
   at System.Net.Sockets.Socket.AwaitableSocketAsyncEventArgs.System.Threading.Tasks.Sources.IValueTaskSource<System.Int32>.GetResult(Int16 token)
   at System.Net.Security.SslStream.EnsureFullTlsFrameAsync[TIOAdapter](CancellationToken cancellationToken, Int32 estimatedSize)
   at System.Runtime.CompilerServices.PoolingAsyncValueTaskMethodBuilder`1.StateMachineBox`1.System.Threading.Tasks.Sources.IValueTaskSource<TResult>.GetResult(Int16 token)
   at System.Net.Security.SslStream.ReadAsyncInternal[TIOAdapter](Memory`1 buffer, CancellationToken cancellationToken)
   at System.Runtime.CompilerServices.PoolingAsyncValueTaskMethodBuilder`1.StateMachineBox`1.System.Threading.Tasks.Sources.IValueTaskSource<TResult>.GetResult(Int16 token)
   at System.Net.Http.HttpConnection.SendAsync(HttpRequestMessage request, Boolean async, CancellationToken cancellationToken)
   --- End of inner exception stack trace ---
   at System.Net.Http.HttpConnection.SendAsync(HttpRequestMessage request, Boolean async, CancellationToken cancellationToken)
   at System.Net.Http.AuthenticationHelper.SendWithNtAuthAsync(HttpRequestMessage request, Uri authUri, Boolean async, ICredentials credentials, Boolean isProxyAuth, HttpConnection connection, HttpConnectionPool connectionPool, CancellationToken cancellationToken)
   at System.Net.Http.HttpConnectionPool.SendWithVersionDetectionAndRetryAsync(HttpRequestMessage request, Boolean async, Boolean doRequestAuth, CancellationToken cancellationToken)
   at System.Net.Http.AuthenticationHelper.SendWithAuthAsync(HttpRequestMessage request, Uri authUri, Boolean async, ICredentials credentials, Boolean preAuthenticate, Boolean isProxyAuth, Boolean doRequestAuth, HttpConnectionPool pool, CancellationToken cancellationToken)
   at System.Net.Http.RedirectHandler.SendAsync(HttpRequestMessage request, Boolean async, CancellationToken cancellationToken)
   at GitHub.Services.Common.RawHttpMessageHandler.SendAsync(HttpRequestMessage request, CancellationToken cancellationToken)
   at GitHub.Services.Common.VssHttpRetryMessageHandler.SendAsync(HttpRequestMessage request, CancellationToken cancellationToken)
   at System.Net.Http.HttpClient.<SendAsync>g__Core|83_0(HttpRequestMessage request, HttpCompletionOption completionOption, CancellationTokenSource cts, Boolean disposeCts, CancellationTokenSource pendingRequestsCts, CancellationToken originalCancellationToken)
   --- End of inner exception stack trace ---
   at System.Net.Http.HttpClient.HandleFailure(Exception e, Boolean telemetryStarted, HttpResponseMessage response, CancellationTokenSource cts, CancellationToken cancellationToken, CancellationTokenSource pendingRequestsCts)
   at System.Net.Http.HttpClient.<SendAsync>g__Core|83_0(HttpRequestMessage request, HttpCompletionOption completionOption, CancellationTokenSource cts, Boolean disposeCts, CancellationTokenSource pendingRequestsCts, CancellationToken originalCancellationToken)
   at Sdk.WebApi.WebApi.RawHttpClientBase.SendAsync(HttpRequestMessage message, HttpCompletionOption completionOption, Object userState, CancellationToken cancellationToken)
   at Sdk.WebApi.WebApi.RawHttpClientBase.SendAsync[T](HttpRequestMessage message, Boolean readErrorBody, Object userState, CancellationToken cancellationToken)
   at Sdk.WebApi.WebApi.RawHttpClientBase.SendAsync[T](HttpMethod method, IEnumerable`1 additionalHeaders, Uri requestUri, HttpContent content, IEnumerable`1 queryParameters, Boolean readErrorBody, Object userState, CancellationToken cancellationToken)
   at GitHub.Actions.RunService.WebApi.BrokerHttpClient.GetRunnerMessageAsync(Nullable`1 sessionId, String runnerVersion, Nullable`1 status, String os, String architecture, Nullable`1 disableUpdate, CancellationToken cancellationToken)
   at GitHub.Runner.Common.BrokerServer.<>c__DisplayClass7_0.<<GetRunnerMessageAsync>b__0>d.MoveNext()
--- End of stack trace from previous location ---
   at GitHub.Runner.Common.RunnerService.RetryRequest[T](Func`1 func, CancellationToken cancellationToken, Int32 maxAttempts, Func`2 shouldRetry)
[2026-04-08 10:57:57Z ERR  BrokerServer] #####################################################
[2026-04-08 10:57:57Z ERR  BrokerServer] System.Threading.Tasks.TaskCanceledException: The operation was canceled.
 ---> System.IO.IOException: Unable to read data from the transport connection: The I/O operation has been aborted because of either a thread exit or an application request..
 ---> System.Net.Sockets.SocketException (995): The I/O operation has been aborted because of either a thread exit or an application request.
   --- End of inner exception stack trace ---
   at System.Net.Sockets.Socket.AwaitableSocketAsyncEventArgs.ThrowException(SocketError error, CancellationToken cancellationToken)
   at System.Net.Sockets.Socket.AwaitableSocketAsyncEventArgs.System.Threading.Tasks.Sources.IValueTaskSource<System.Int32>.GetResult(Int16 token)
   at System.Net.Security.SslStream.EnsureFullTlsFrameAsync[TIOAdapter](CancellationToken cancellationToken, Int32 estimatedSize)
   at System.Runtime.CompilerServices.PoolingAsyncValueTaskMethodBuilder`1.StateMachineBox`1.System.Threading.Tasks.Sources.IValueTaskSource<TResult>.GetResult(Int16 token)
   at System.Net.Security.SslStream.ReadAsyncInternal[TIOAdapter](Memory`1 buffer, CancellationToken cancellationToken)
   at System.Runtime.CompilerServices.PoolingAsyncValueTaskMethodBuilder`1.StateMachineBox`1.System.Threading.Tasks.Sources.IValueTaskSource<TResult>.GetResult(Int16 token)
   at System.Net.Http.HttpConnection.SendAsync(HttpRequestMessage request, Boolean async, CancellationToken cancellationToken)
   --- End of inner exception stack trace ---
   at System.Net.Http.HttpConnection.SendAsync(HttpRequestMessage request, Boolean async, CancellationToken cancellationToken)
   at System.Net.Http.AuthenticationHelper.SendWithNtAuthAsync(HttpRequestMessage request, Uri authUri, Boolean async, ICredentials credentials, Boolean isProxyAuth, HttpConnection connection, HttpConnectionPool connectionPool, CancellationToken cancellationToken)
   at System.Net.Http.HttpConnectionPool.SendWithVersionDetectionAndRetryAsync(HttpRequestMessage request, Boolean async, Boolean doRequestAuth, CancellationToken cancellationToken)
   at System.Net.Http.AuthenticationHelper.SendWithAuthAsync(HttpRequestMessage request, Uri authUri, Boolean async, ICredentials credentials, Boolean preAuthenticate, Boolean isProxyAuth, Boolean doRequestAuth, HttpConnectionPool pool, CancellationToken cancellationToken)
   at System.Net.Http.RedirectHandler.SendAsync(HttpRequestMessage request, Boolean async, CancellationToken cancellationToken)
   at GitHub.Services.Common.RawHttpMessageHandler.SendAsync(HttpRequestMessage request, CancellationToken cancellationToken)
   at GitHub.Services.Common.VssHttpRetryMessageHandler.SendAsync(HttpRequestMessage request, CancellationToken cancellationToken)
   at System.Net.Http.HttpClient.<SendAsync>g__Core|83_0(HttpRequestMessage request, HttpCompletionOption completionOption, CancellationTokenSource cts, Boolean disposeCts, CancellationTokenSource pendingRequestsCts, CancellationToken originalCancellationToken)
[2026-04-08 10:57:57Z ERR  BrokerServer] #####################################################
[2026-04-08 10:57:57Z ERR  BrokerServer] System.IO.IOException: Unable to read data from the transport connection: The I/O operation has been aborted because of either a thread exit or an application request..
 ---> System.Net.Sockets.SocketException (995): The I/O operation has been aborted because of either a thread exit or an application request.
   --- End of inner exception stack trace ---
   at System.Net.Sockets.Socket.AwaitableSocketAsyncEventArgs.ThrowException(SocketError error, CancellationToken cancellationToken)
   at System.Net.Sockets.Socket.AwaitableSocketAsyncEventArgs.System.Threading.Tasks.Sources.IValueTaskSource<System.Int32>.GetResult(Int16 token)
   at System.Net.Security.SslStream.EnsureFullTlsFrameAsync[TIOAdapter](CancellationToken cancellationToken, Int32 estimatedSize)
   at System.Runtime.CompilerServices.PoolingAsyncValueTaskMethodBuilder`1.StateMachineBox`1.System.Threading.Tasks.Sources.IValueTaskSource<TResult>.GetResult(Int16 token)
   at System.Net.Security.SslStream.ReadAsyncInternal[TIOAdapter](Memory`1 buffer, CancellationToken cancellationToken)
   at System.Runtime.CompilerServices.PoolingAsyncValueTaskMethodBuilder`1.StateMachineBox`1.System.Threading.Tasks.Sources.IValueTaskSource<TResult>.GetResult(Int16 token)
   at System.Net.Http.HttpConnection.SendAsync(HttpRequestMessage request, Boolean async, CancellationToken cancellationToken)
[2026-04-08 10:57:57Z ERR  BrokerServer] #####################################################
[2026-04-08 10:57:57Z ERR  BrokerServer] System.Net.Sockets.SocketException (995): The I/O operation has been aborted because of either a thread exit or an application request.
[2026-04-08 10:57:57Z WARN BrokerServer] Back off 14.746 seconds before next retry. 4 attempt left.
[2026-04-08 10:57:57Z INFO BrokerMessageListener] Get messages has been cancelled using local token source. Continue to get messages with new status.
[2026-04-08 11:02:52Z INFO BrokerMessageListener] Acknowledging runner request '5248f4e1-f671-5b09-b026-7458034a9428'.
[2026-04-08 11:02:53Z INFO ConfigurationStore] HasCredentials()
[2026-04-08 11:02:53Z INFO ConfigurationStore] stored True
[2026-04-08 11:02:53Z INFO CredentialManager] GetCredentialProvider
[2026-04-08 11:02:53Z INFO CredentialManager] Creating type OAuth
[2026-04-08 11:02:53Z INFO CredentialManager] Creating credential type: OAuth
[2026-04-08 11:02:53Z INFO RSAEncryptedFileKeyManager] Loading RSA key parameters from file C:\Users\HP\Downloads\MarkLogic\actions-runner\.credentials_rsaparams
[2026-04-08 11:02:53Z INFO RSAEncryptedFileKeyManager] Loading RSA key parameters from file C:\Users\HP\Downloads\MarkLogic\actions-runner\.credentials_rsaparams
[2026-04-08 11:02:53Z INFO RSAEncryptedFileKeyManager] Loading RSA key parameters from file C:\Users\HP\Downloads\MarkLogic\actions-runner\.credentials_rsaparams
[2026-04-08 11:02:55Z INFO GitHubActionsService] AAD Correlation ID for this token request: Unknown
[2026-04-08 11:02:56Z INFO JobDispatcher] Job request 0 for plan baeeadbe-c4e7-4868-859b-50be9bcf05a8 job 5248f4e1-f671-5b09-b026-7458034a9428 received.
[2026-04-08 11:02:56Z INFO JobDispatcher] Pull OrchestrationId baeeadbe-c4e7-4868-859b-50be9bcf05a8.build-test.__default from JWT claims
[2026-04-08 11:02:56Z INFO BrokerMessageListener] Received job status event. JobState: Busy
[2026-04-08 11:02:56Z INFO BrokerMessageListener] _getMessagesTokenSource is already disposed.
[2026-04-08 11:02:56Z INFO JobDispatcher] Job request 1bd83cdd-bb9f-5d85-af7c-a5a26c6f6c61 processed succeed.
[2026-04-08 11:02:56Z INFO Terminal] WRITE LINE: 2026-04-08 11:02:56Z: Running job: build-test
[2026-04-08 11:12:45Z INFO JobDispatcher] Start renew job request 0 for job 5248f4e1-f671-5b09-b026-7458034a9428.
[2026-04-08 11:12:46Z INFO JobDispatcher] Successfully renew job 5248f4e1-f671-5b09-b026-7458034a9428, job is valid till 08/04/2026 11:22:46 am
[2026-04-08 11:12:46Z INFO HostContext] Well known directory 'Bin': 'C:\Users\HP\Downloads\MarkLogic\actions-runner\bin'
[2026-04-08 11:12:46Z INFO ProcessInvokerWrapper] Starting process:
[2026-04-08 11:12:46Z INFO ProcessInvokerWrapper]   File name: 'C:\Users\HP\Downloads\MarkLogic\actions-runner\bin\Runner.Worker.exe'
[2026-04-08 11:12:46Z INFO ProcessInvokerWrapper]   Arguments: 'spawnclient 2156 2124'
[2026-04-08 11:12:46Z INFO ProcessInvokerWrapper]   Working directory: 'C:\Users\HP\Downloads\MarkLogic\actions-runner\bin'
[2026-04-08 11:12:46Z INFO ProcessInvokerWrapper]   Require exit code zero: 'False'
[2026-04-08 11:12:46Z INFO ProcessInvokerWrapper]   Encoding web name:  ; code page: ''
[2026-04-08 11:12:46Z INFO ProcessInvokerWrapper]   Force kill process on cancellation: 'True'
[2026-04-08 11:12:46Z INFO ProcessInvokerWrapper]   Redirected STDIN: 'False'
[2026-04-08 11:12:46Z INFO ProcessInvokerWrapper]   Persist current code page: 'False'
[2026-04-08 11:12:46Z INFO ProcessInvokerWrapper]   Keep redirected STDIN open: 'False'
[2026-04-08 11:12:46Z INFO ProcessInvokerWrapper]   High priority process: 'True'
[2026-04-08 11:12:46Z INFO ProcessInvokerWrapper] Process started with process id 5304, waiting for process exit.
[2026-04-08 11:12:46Z INFO JobDispatcher] Send job request message to worker for job 5248f4e1-f671-5b09-b026-7458034a9428.
[2026-04-08 11:12:46Z INFO ProcessChannel] Sending message of length 24414, with hash 'fcfc4a47d8b43debd76a0060d9e105dff43345ec3f0cf0ada5061834bb3f0e0d'
[2026-04-08 11:12:47Z INFO JobNotification] Entering JobStarted Notification
[2026-04-08 11:12:47Z INFO JobNotification] Entering StartMonitor
[2026-04-08 11:12:49Z INFO Terminal] WRITE LINE: Exiting...
[2026-04-08 11:12:49Z INFO ConfigurationStore] IsServiceConfigured()
[2026-04-08 11:12:49Z INFO ConfigurationStore] IsServiceConfigured: True
[2026-04-08 11:12:49Z INFO Runner] Received Ctrl-C signal, stop Runner.Listener and Runner.Worker.
[2026-04-08 11:12:49Z INFO HostContext] Runner will be shutdown for UserCancelled
[2026-04-08 11:12:50Z WARN GitHubActionsService] GET request to https://broker.actions.githubusercontent.com/message?sessionId=9be69119-1a3a-4df5-a20e-bdf929cb767e&status=Busy&runnerVersion=2.333.1&os=Windows&architecture=X64&disableUpdate=false has been cancelled.
[2026-04-08 11:12:50Z ERR  BrokerServer] Catch exception during request
[2026-04-08 11:12:50Z ERR  BrokerServer] System.Threading.Tasks.TaskCanceledException: The operation was canceled.
 ---> System.Threading.Tasks.TaskCanceledException: The operation was canceled.
 ---> System.IO.IOException: Unable to read data from the transport connection: The I/O operation has been aborted because of either a thread exit or an application request..
 ---> System.Net.Sockets.SocketException (995): The I/O operation has been aborted because of either a thread exit or an application request.
   --- End of inner exception stack trace ---
   at System.Net.Sockets.Socket.AwaitableSocketAsyncEventArgs.System.Threading.Tasks.Sources.IValueTaskSource<System.Int32>.GetResult(Int16 token)
   at System.Net.Security.SslStream.EnsureFullTlsFrameAsync[TIOAdapter](CancellationToken cancellationToken, Int32 estimatedSize)
   at System.Runtime.CompilerServices.PoolingAsyncValueTaskMethodBuilder`1.StateMachineBox`1.System.Threading.Tasks.Sources.IValueTaskSource<TResult>.GetResult(Int16 token)
   at System.Net.Security.SslStream.ReadAsyncInternal[TIOAdapter](Memory`1 buffer, CancellationToken cancellationToken)
   at System.Runtime.CompilerServices.PoolingAsyncValueTaskMethodBuilder`1.StateMachineBox`1.System.Threading.Tasks.Sources.IValueTaskSource<TResult>.GetResult(Int16 token)
   at System.Net.Http.HttpConnection.InitialFillAsync(Boolean async)
   at System.Net.Http.HttpConnection.SendAsync(HttpRequestMessage request, Boolean async, CancellationToken cancellationToken)
   --- End of inner exception stack trace ---
   at System.Net.Http.HttpConnection.SendAsync(HttpRequestMessage request, Boolean async, CancellationToken cancellationToken)
   at System.Net.Http.AuthenticationHelper.SendWithNtAuthAsync(HttpRequestMessage request, Uri authUri, Boolean async, ICredentials credentials, Boolean isProxyAuth, HttpConnection connection, HttpConnectionPool connectionPool, CancellationToken cancellationToken)
   at System.Net.Http.HttpConnectionPool.SendWithVersionDetectionAndRetryAsync(HttpRequestMessage request, Boolean async, Boolean doRequestAuth, CancellationToken cancellationToken)
   at System.Net.Http.AuthenticationHelper.SendWithAuthAsync(HttpRequestMessage request, Uri authUri, Boolean async, ICredentials credentials, Boolean preAuthenticate, Boolean isProxyAuth, Boolean doRequestAuth, HttpConnectionPool pool, CancellationToken cancellationToken)
   at System.Net.Http.RedirectHandler.SendAsync(HttpRequestMessage request, Boolean async, CancellationToken cancellationToken)
   at GitHub.Services.Common.RawHttpMessageHandler.SendAsync(HttpRequestMessage request, CancellationToken cancellationToken)
   at GitHub.Services.Common.VssHttpRetryMessageHandler.SendAsync(HttpRequestMessage request, CancellationToken cancellationToken)
   at System.Net.Http.HttpClient.<SendAsync>g__Core|83_0(HttpRequestMessage request, HttpCompletionOption completionOption, CancellationTokenSource cts, Boolean disposeCts, CancellationTokenSource pendingRequestsCts, CancellationToken originalCancellationToken)
   --- End of inner exception stack trace ---
   at System.Net.Http.HttpClient.HandleFailure(Exception e, Boolean telemetryStarted, HttpResponseMessage response, CancellationTokenSource cts, CancellationToken cancellationToken, CancellationTokenSource pendingRequestsCts)
   at System.Net.Http.HttpClient.<SendAsync>g__Core|83_0(HttpRequestMessage request, HttpCompletionOption completionOption, CancellationTokenSource cts, Boolean disposeCts, CancellationTokenSource pendingRequestsCts, CancellationToken originalCancellationToken)
   at Sdk.WebApi.WebApi.RawHttpClientBase.SendAsync(HttpRequestMessage message, HttpCompletionOption completionOption, Object userState, CancellationToken cancellationToken)
   at Sdk.WebApi.WebApi.RawHttpClientBase.SendAsync[T](HttpRequestMessage message, Boolean readErrorBody, Object userState, CancellationToken cancellationToken)
   at Sdk.WebApi.WebApi.RawHttpClientBase.SendAsync[T](HttpMethod method, IEnumerable`1 additionalHeaders, Uri requestUri, HttpContent content, IEnumerable`1 queryParameters, Boolean readErrorBody, Object userState, CancellationToken cancellationToken)
   at GitHub.Actions.RunService.WebApi.BrokerHttpClient.GetRunnerMessageAsync(Nullable`1 sessionId, String runnerVersion, Nullable`1 status, String os, String architecture, Nullable`1 disableUpdate, CancellationToken cancellationToken)
   at GitHub.Runner.Common.BrokerServer.<>c__DisplayClass7_0.<<GetRunnerMessageAsync>b__0>d.MoveNext()
--- End of stack trace from previous location ---
   at GitHub.Runner.Common.RunnerService.RetryRequest[T](Func`1 func, CancellationToken cancellationToken, Int32 maxAttempts, Func`2 shouldRetry)
[2026-04-08 11:12:50Z ERR  BrokerServer] #####################################################
[2026-04-08 11:12:50Z ERR  BrokerServer] System.Threading.Tasks.TaskCanceledException: The operation was canceled.
 ---> System.IO.IOException: Unable to read data from the transport connection: The I/O operation has been aborted because of either a thread exit or an application request..
 ---> System.Net.Sockets.SocketException (995): The I/O operation has been aborted because of either a thread exit or an application request.
   --- End of inner exception stack trace ---
   at System.Net.Sockets.Socket.AwaitableSocketAsyncEventArgs.System.Threading.Tasks.Sources.IValueTaskSource<System.Int32>.GetResult(Int16 token)
   at System.Net.Security.SslStream.EnsureFullTlsFrameAsync[TIOAdapter](CancellationToken cancellationToken, Int32 estimatedSize)
   at System.Runtime.CompilerServices.PoolingAsyncValueTaskMethodBuilder`1.StateMachineBox`1.System.Threading.Tasks.Sources.IValueTaskSource<TResult>.GetResult(Int16 token)
   at System.Net.Security.SslStream.ReadAsyncInternal[TIOAdapter](Memory`1 buffer, CancellationToken cancellationToken)
   at System.Runtime.CompilerServices.PoolingAsyncValueTaskMethodBuilder`1.StateMachineBox`1.System.Threading.Tasks.Sources.IValueTaskSource<TResult>.GetResult(Int16 token)
   at System.Net.Http.HttpConnection.InitialFillAsync(Boolean async)
   at System.Net.Http.HttpConnection.SendAsync(HttpRequestMessage request, Boolean async, CancellationToken cancellationToken)
   --- End of inner exception stack trace ---
   at System.Net.Http.HttpConnection.SendAsync(HttpRequestMessage request, Boolean async, CancellationToken cancellationToken)
   at System.Net.Http.AuthenticationHelper.SendWithNtAuthAsync(HttpRequestMessage request, Uri authUri, Boolean async, ICredentials credentials, Boolean isProxyAuth, HttpConnection connection, HttpConnectionPool connectionPool, CancellationToken cancellationToken)
   at System.Net.Http.HttpConnectionPool.SendWithVersionDetectionAndRetryAsync(HttpRequestMessage request, Boolean async, Boolean doRequestAuth, CancellationToken cancellationToken)
   at System.Net.Http.AuthenticationHelper.SendWithAuthAsync(HttpRequestMessage request, Uri authUri, Boolean async, ICredentials credentials, Boolean preAuthenticate, Boolean isProxyAuth, Boolean doRequestAuth, HttpConnectionPool pool, CancellationToken cancellationToken)
   at System.Net.Http.RedirectHandler.SendAsync(HttpRequestMessage request, Boolean async, CancellationToken cancellationToken)
   at GitHub.Services.Common.RawHttpMessageHandler.SendAsync(HttpRequestMessage request, CancellationToken cancellationToken)
   at GitHub.Services.Common.VssHttpRetryMessageHandler.SendAsync(HttpRequestMessage request, CancellationToken cancellationToken)
   at System.Net.Http.HttpClient.<SendAsync>g__Core|83_0(HttpRequestMessage request, HttpCompletionOption completionOption, CancellationTokenSource cts, Boolean disposeCts, CancellationTokenSource pendingRequestsCts, CancellationToken originalCancellationToken)
[2026-04-08 11:12:50Z ERR  BrokerServer] #####################################################
[2026-04-08 11:12:50Z ERR  BrokerServer] System.IO.IOException: Unable to read data from the transport connection: The I/O operation has been aborted because of either a thread exit or an application request..
 ---> System.Net.Sockets.SocketException (995): The I/O operation has been aborted because of either a thread exit or an application request.
   --- End of inner exception stack trace ---
   at System.Net.Sockets.Socket.AwaitableSocketAsyncEventArgs.System.Threading.Tasks.Sources.IValueTaskSource<System.Int32>.GetResult(Int16 token)
   at System.Net.Security.SslStream.EnsureFullTlsFrameAsync[TIOAdapter](CancellationToken cancellationToken, Int32 estimatedSize)
   at System.Runtime.CompilerServices.PoolingAsyncValueTaskMethodBuilder`1.StateMachineBox`1.System.Threading.Tasks.Sources.IValueTaskSource<TResult>.GetResult(Int16 token)
   at System.Net.Security.SslStream.ReadAsyncInternal[TIOAdapter](Memory`1 buffer, CancellationToken cancellationToken)
   at System.Runtime.CompilerServices.PoolingAsyncValueTaskMethodBuilder`1.StateMachineBox`1.System.Threading.Tasks.Sources.IValueTaskSource<TResult>.GetResult(Int16 token)
   at System.Net.Http.HttpConnection.InitialFillAsync(Boolean async)
   at System.Net.Http.HttpConnection.SendAsync(HttpRequestMessage request, Boolean async, CancellationToken cancellationToken)
[2026-04-08 11:12:50Z ERR  BrokerServer] #####################################################
[2026-04-08 11:12:50Z ERR  BrokerServer] System.Net.Sockets.SocketException (995): The I/O operation has been aborted because of either a thread exit or an application request.
[2026-04-08 11:12:50Z WARN BrokerServer] Back off 10.603 seconds before next retry. 4 attempt left.
[2026-04-08 11:12:50Z INFO BrokerMessageListener] Get next message has been cancelled.
[2026-04-08 11:12:50Z INFO JobDispatcher] Shutting down JobDispatcher. Make sure all WorkerDispatcher has finished.
[2026-04-08 11:12:50Z INFO JobDispatcher] Ensure WorkerDispatcher for job 5248f4e1-f671-5b09-b026-7458034a9428 run to finish, cancel any running job.
[2026-04-08 11:12:50Z INFO JobDispatcher] Send job cancellation message to worker for job 5248f4e1-f671-5b09-b026-7458034a9428.
[2026-04-08 11:12:50Z INFO ProcessChannel] Sending message of length 0, with hash 'e3b0c44298fc1c149afbf4c8996fb92427ae41e4649b934ca495991b7852b855'
[2026-04-08 11:12:50Z INFO Terminal] WRITE LINE: Exiting...
[2026-04-08 11:12:50Z INFO ConfigurationStore] IsServiceConfigured()
[2026-04-08 11:12:50Z INFO ConfigurationStore] IsServiceConfigured: True
[2026-04-08 11:12:50Z INFO Runner] Received Ctrl-C signal, stop Runner.Listener and Runner.Worker.
[2026-04-08 11:12:50Z INFO HostContext] Runner will be shutdown for UserCancelled
[2026-04-08 11:12:52Z INFO Terminal] WRITE LINE: Exiting...
[2026-04-08 11:12:52Z INFO ConfigurationStore] IsServiceConfigured()
[2026-04-08 11:12:52Z INFO ConfigurationStore] IsServiceConfigured: True
[2026-04-08 11:12:52Z INFO Runner] Received Ctrl-C signal, stop Runner.Listener and Runner.Worker.
[2026-04-08 11:12:52Z INFO HostContext] Runner will be shutdown for UserCancelled
[2026-04-08 11:12:53Z INFO Terminal] WRITE LINE: Exiting...
[2026-04-08 11:12:53Z INFO ConfigurationStore] IsServiceConfigured()
[2026-04-08 11:12:53Z INFO ConfigurationStore] IsServiceConfigured: True
[2026-04-08 11:12:53Z INFO Runner] Received Ctrl-C signal, stop Runner.Listener and Runner.Worker.
[2026-04-08 11:12:53Z INFO HostContext] Runner will be shutdown for UserCancelled
[2026-04-08 11:13:00Z INFO Terminal] WRITE LINE: Exiting...
[2026-04-08 11:13:00Z INFO ConfigurationStore] IsServiceConfigured()
[2026-04-08 11:13:00Z INFO ConfigurationStore] IsServiceConfigured: True
[2026-04-08 11:13:00Z INFO Runner] Received Ctrl-C signal, stop Runner.Listener and Runner.Worker.
[2026-04-08 11:13:00Z INFO HostContext] Runner will be shutdown for UserCancelled
[2026-04-08 11:13:00Z INFO Terminal] WRITE LINE: Exiting...
[2026-04-08 11:13:00Z INFO ConfigurationStore] IsServiceConfigured()
[2026-04-08 11:13:00Z INFO ConfigurationStore] IsServiceConfigured: True
[2026-04-08 11:13:00Z INFO Runner] Received Ctrl-C signal, stop Runner.Listener and Runner.Worker.
[2026-04-08 11:13:00Z INFO HostContext] Runner will be shutdown for UserCancelled
[2026-04-08 11:13:05Z INFO ProcessInvokerWrapper] STDOUT/STDERR stream read finished.
[2026-04-08 11:13:05Z INFO ProcessInvokerWrapper] STDOUT/STDERR stream read finished.
[2026-04-08 11:13:05Z INFO ProcessInvokerWrapper] Finished process 5304 with exit code 103, and elapsed time 00:00:18.9745122.
[2026-04-08 11:13:05Z INFO JobDispatcher] finish job request for job 5248f4e1-f671-5b09-b026-7458034a9428 with result: Canceled
[2026-04-08 11:13:05Z INFO Terminal] WRITE LINE: 2026-04-08 11:13:05Z: Job build-test completed with result: Canceled
[2026-04-08 11:13:05Z INFO JobDispatcher] Stop renew job request for job 5248f4e1-f671-5b09-b026-7458034a9428.
[2026-04-08 11:13:05Z INFO JobDispatcher] job renew has been cancelled, stop renew job 5248f4e1-f671-5b09-b026-7458034a9428.
[2026-04-08 11:13:05Z INFO JobNotification] Entering JobCompleted Notification
[2026-04-08 11:13:05Z INFO JobNotification] Entering EndMonitor
[2026-04-08 11:13:05Z INFO Runner] Deleting Runner Session...
[2026-04-08 11:13:06Z INFO Listener] Runner execution been cancelled.
