[2026-04-08 11:12:46Z INFO HostContext] No proxy settings were found based on environmental variables (http_proxy/https_proxy/HTTP_PROXY/HTTPS_PROXY)
[2026-04-08 11:12:46Z INFO HostContext] Well known directory 'Bin': 'C:\Users\HP\Downloads\MarkLogic\actions-runner\bin'
[2026-04-08 11:12:46Z INFO HostContext] Well known directory 'Root': 'C:\Users\HP\Downloads\MarkLogic\actions-runner'
[2026-04-08 11:12:46Z INFO HostContext] Well known config file 'Credentials': 'C:\Users\HP\Downloads\MarkLogic\actions-runner\.credentials'
[2026-04-08 11:12:47Z INFO HostContext] Well known directory 'Bin': 'C:\Users\HP\Downloads\MarkLogic\actions-runner\bin'
[2026-04-08 11:12:47Z INFO HostContext] Well known directory 'Root': 'C:\Users\HP\Downloads\MarkLogic\actions-runner'
[2026-04-08 11:12:47Z INFO HostContext] Well known config file 'Runner': 'C:\Users\HP\Downloads\MarkLogic\actions-runner\.runner'
[2026-04-08 11:12:47Z INFO Worker] Version: 2.333.1
[2026-04-08 11:12:47Z INFO Worker] Commit: 6792966801e8925346735b68c03bf9f347af4646
[2026-04-08 11:12:47Z INFO Worker] Culture: en-BS
[2026-04-08 11:12:47Z INFO Worker] UI Culture: en-GB
[2026-04-08 11:12:47Z INFO Worker] Waiting to receive the job message from the channel.
[2026-04-08 11:12:47Z INFO ProcessChannel] Receiving message of length 24414, with hash 'fcfc4a47d8b43debd76a0060d9e105dff43345ec3f0cf0ada5061834bb3f0e0d'
[2026-04-08 11:12:47Z INFO Worker] Message received.
[2026-04-08 11:12:47Z INFO Worker] Job message:
 {
  "fileTable": [
    ".github/workflows/ci.yml"
  ],
  "mask": [
    {
      "type": "regex",
      "value": "***"
    },
    {
      "type": "regex",
      "value": "***"
    },
    {
      "type": "regex",
      "value": "***"
    },
    {
      "type": "regex",
      "value": "***"
    },
    {
      "type": "regex",
      "value": "***"
    },
    {
      "type": "regex",
      "value": "***"
    },
    {
      "type": "regex",
      "value": "***"
    },
    {
      "type": "regex",
      "value": "***"
    },
    {
      "type": "regex",
      "value": "***"
    },
    {
      "type": "regex",
      "value": "***"
    },
    {
      "type": "regex",
      "value": "***"
    },
    {
      "type": "regex",
      "value": "***"
    },
    {
      "type": "regex",
      "value": "***"
    },
    {
      "type": "regex",
      "value": "***"
    },
    {
      "type": "regex",
      "value": "***"
    },
    {
      "type": "regex",
      "value": "***"
    },
    {
      "type": "regex",
      "value": "***"
    },
    {
      "type": "regex",
      "value": "***"
    }
  ],
  "steps": [
    {
      "type": "action",
      "reference": {
        "type": "repository",
        "name": "actions/checkout",
        "ref": "v4",
        "repositoryType": "GitHub"
      },
      "displayNameToken": {
        "type": 0,
        "file": 1,
        "line": 29,
        "col": 15,
        "lit": "Checkout code"
      },
      "contextName": "__actions_checkout",
      "condition": "success()",
      "id": "9bfb1aaa-857a-40ea-9868-f7e39f4b459d",
      "name": "__actions_checkout"
    },
    {
      "type": "action",
      "reference": {
        "type": "repository",
        "name": "actions/setup-python",
        "ref": "v5",
        "repositoryType": "GitHub"
      },
      "displayNameToken": {
        "type": 0,
        "file": 1,
        "line": 32,
        "col": 15,
        "lit": "Set up Python"
      },
      "contextName": "__actions_setup-python",
      "inputs": {
        "type": 2,
        "file": 1,
        "line": 35,
        "col": 11,
        "map": [
          {
            "key": {
              "type": 0,
              "file": 1,
              "line": 35,
              "col": 11,
              "lit": "python-version"
            },
            "value": {
              "type": 0,
              "file": 1,
              "line": 35,
              "col": 27,
              "lit": "3.10"
            }
          }
        ]
      },
      "condition": "success()",
      "id": "a1bc3275-eabd-4722-9696-acfe69fbc76c",
      "name": "__actions_setup-python"
    },
    {
      "type": "action",
      "reference": {
        "type": "script"
      },
      "displayNameToken": {
        "type": 0,
        "file": 1,
        "line": 37,
        "col": 15,
        "lit": "Install dependencies"
      },
      "contextName": "__run",
      "inputs": {
        "type": 2,
        "map": [
          {
            "key": "script",
            "value": {
              "type": 0,
              "file": 1,
              "line": 38,
              "col": 14,
              "lit": "python -m pip install --upgrade pip\npip install -r requirements.txt\n"
            }
          }
        ]
      },
      "condition": "success()",
      "id": "262c8688-36d2-4bc8-98d1-f6b7dab22835",
      "name": "__run"
    },
    {
      "type": "action",
      "reference": {
        "type": "script"
      },
      "displayNameToken": {
        "type": 0,
        "file": 1,
        "line": 42,
        "col": 15,
        "lit": "Install dbt"
      },
      "contextName": "__run_2",
      "inputs": {
        "type": 2,
        "map": [
          {
            "key": "script",
            "value": {
              "type": 0,
              "file": 1,
              "line": 43,
              "col": 14,
              "lit": "pip install dbt-postgres\n"
            }
          }
        ]
      },
      "condition": "success()",
      "id": "b58b30d8-80d4-4023-93cb-b84882565f45",
      "name": "__run_2"
    },
    {
      "type": "action",
      "reference": {
        "type": "script"
      },
      "displayNameToken": {
        "type": 0,
        "file": 1,
        "line": 46,
        "col": 15,
        "lit": "Create dbt profiles.yml"
      },
      "contextName": "__run_3",
      "inputs": {
        "type": 2,
        "map": [
          {
            "key": "script",
            "value": {
              "type": 0,
              "file": 1,
              "line": 47,
              "col": 14,
              "lit": "mkdir -p ~/.dbt\ncat <<EOF > ~/.dbt/profiles.yml\norder_analytics:\n  target: dev\n  outputs:\n    dev:\n      type: postgres\n      host: localhost\n      user: postgres\n      password: postgres\n      port: 5432\n      dbname: order_quality_analytics_db\n      schema: public\n      threads: 1\nEOF\n"
            }
          }
        ]
      },
      "condition": "success()",
      "id": "8dfd0995-4ca8-4224-a311-8820a8904f04",
      "name": "__run_3"
    },
    {
      "type": "action",
      "reference": {
        "type": "script"
      },
      "displayNameToken": {
        "type": 0,
        "file": 1,
        "line": 64,
        "col": 15,
        "lit": "Run tests"
      },
      "contextName": "__run_4",
      "inputs": {
        "type": 2,
        "map": [
          {
            "key": "script",
            "value": {
              "type": 0,
              "file": 1,
              "line": 65,
              "col": 14,
              "lit": "pytest -v\n"
            }
          }
        ]
      },
      "condition": "success()",
      "id": "199c331b-99af-4f3c-a2c8-a56f0f7f9286",
      "name": "__run_4"
    },
    {
      "type": "action",
      "reference": {
        "type": "script"
      },
      "displayNameToken": {
        "type": 0,
        "file": 1,
        "line": 68,
        "col": 15,
        "lit": "Run dbt"
      },
      "contextName": "__run_5",
      "inputs": {
        "type": 2,
        "map": [
          {
            "key": "script",
            "value": {
              "type": 0,
              "file": 1,
              "line": 70,
              "col": 14,
              "lit": "dbt debug\ndbt deps || true\ndbt run\n"
            }
          },
          {
            "key": "workingDirectory",
            "value": {
              "type": 0,
              "file": 1,
              "line": 69,
              "col": 28,
              "lit": "order_analytics"
            }
          }
        ]
      },
      "condition": "success()",
      "id": "c76d465c-0c73-4684-a514-8c927d503328",
      "name": "__run_5"
    }
  ],
  "variables": {
    "Actions.EnableHttpRedirects": {
      "value": "true"
    },
    "DistributedTask.AddWarningToNode12Action": {
      "value": "true"
    },
    "DistributedTask.AddWarningToNode16Action": {
      "value": "true"
    },
    "DistributedTask.AllowRunnerContainerHooks": {
      "value": "true"
    },
    "DistributedTask.DeprecateStepOutputCommands": {
      "value": "true"
    },
    "DistributedTask.DetailUntarFailure": {
      "value": "true"
    },
    "DistributedTask.EnableCompositeActions": {
      "value": "true"
    },
    "DistributedTask.EnableJobServerQueueTelemetry": {
      "value": "true"
    },
    "DistributedTask.EnhancedAnnotations": {
      "value": "true"
    },
    "DistributedTask.ForceGithubJavascriptActionsToNode16": {
      "value": "true"
    },
    "DistributedTask.ForceGithubJavascriptActionsToNode20": {
      "value": "true"
    },
    "DistributedTask.LogTemplateErrorsAsDebugMessages": {
      "value": "true"
    },
    "DistributedTask.MarkJobAsFailedOnWorkerCrash": {
      "value": "true"
    },
    "DistributedTask.NewActionMetadata": {
      "value": "true"
    },
    "DistributedTask.UploadStepSummary": {
      "value": "true"
    },
    "DistributedTask.UseActionArchiveCache": {
      "value": "true"
    },
    "DistributedTask.UseWhich2": {
      "value": "true"
    },
    "RunService.FixEmbeddedIssues": {
      "value": "true"
    },
    "actions.runner.requirenode24": {
      "value": "false"
    },
    "actions.runner.usenode24bydefault": {
      "value": "false"
    },
    "actions.runner.warnonnode20": {
      "value": "true"
    },
    "actions_add_check_run_id_to_job_context": {
      "value": "true"
    },
    "actions_batch_action_resolution": {
      "value": "false"
    },
    "actions_container_action_runner_temp": {
      "value": "true"
    },
    "actions_display_helpful_actions_download_errors": {
      "value": "true"
    },
    "actions_runner_compare_workflow_parser": {
      "value": "false"
    },
    "actions_runner_deprecate_linux_arm32": {
      "value": "false"
    },
    "actions_runner_emit_composite_markers": {
      "value": "false"
    },
    "actions_runner_kill_linux_arm32": {
      "value": "false"
    },
    "actions_runner_node20_removal_date": {
      "value": ""
    },
    "actions_runner_node24_default_date": {
      "value": ""
    },
    "actions_service_container_command": {
      "value": "true"
    },
    "actions_set_orchestration_id_env_for_actions": {
      "value": "true"
    },
    "actions_skip_retry_complete_job_upon_known_errors": {
      "value": "true"
    },
    "actions_snapshot_preflight_hosted_runner_check": {
      "value": "false"
    },
    "actions_snapshot_preflight_image_gen_pool_check": {
      "value": "false"
    },
    "actions_use_bearer_token_for_codeload": {
      "value": "false"
    },
    "actions_uses_cache_service_v2": {
      "value": "true"
    },
    "github_token": {
      "value": "***",
      "isSecret": true
    },
    "system.from_run_service": {
      "value": "true"
    },
    "system.github.job": {
      "value": "build-test"
    },
    "system.github.launch_endpoint": {
      "value": "https://launch.actions.githubusercontent.com"
    },
    "system.github.results_endpoint": {
      "value": "https://results-receiver.actions.githubusercontent.com/"
    },
    "system.github.results_upload_with_sdk": {
      "value": "true"
    },
    "system.github.token": {
      "value": "***",
      "isSecret": true
    },
    "system.github.token.permissions": {
      "value": "{\"Contents\":\"read\",\"Metadata\":\"read\",\"Packages\":\"read\"}"
    },
    "system.orchestrationId": {
      "value": "baeeadbe-c4e7-4868-859b-50be9bcf05a8.build-test.__default"
    },
    "system.phaseDisplayName": {
      "value": "build-test"
    },
    "system.runner.lowdiskspacethreshold": {
      "value": "100"
    },
    "system.runnerEnvironment": {
      "value": "self-hosted"
    },
    "system.runnerGroupName": {
      "value": "Default"
    }
  },
  "messageType": "RunnerJobRequest",
  "plan": {
    "scopeIdentifier": "00000000-0000-0000-0000-000000000000",
    "planType": "actions",
    "version": 0,
    "planId": "baeeadbe-c4e7-4868-859b-50be9bcf05a8",
    "planGroup": null,
    "artifactUri": null,
    "artifactLocation": null,
    "definition": null,
    "owner": null
  },
  "timeline": {
    "id": "baeeadbe-c4e7-4868-859b-50be9bcf05a8",
    "changeId": 0,
    "location": null
  },
  "jobId": "5248f4e1-f671-5b09-b026-7458034a9428",
  "jobDisplayName": "build-test",
  "jobName": "__default",
  "jobServiceContainers": {
    "type": 2,
    "file": 1,
    "line": 14,
    "col": 7,
    "map": [
      {
        "key": {
          "type": 0,
          "file": 1,
          "line": 14,
          "col": 7,
          "lit": "postgres"
        },
        "value": {
          "type": 2,
          "file": 1,
          "line": 15,
          "col": 9,
          "map": [
            {
              "key": {
                "type": 0,
                "file": 1,
                "line": 15,
                "col": 9,
                "lit": "image"
              },
              "value": {
                "type": 0,
                "file": 1,
                "line": 15,
                "col": 16,
                "lit": "postgres:15"
              }
            },
            {
              "key": {
                "type": 0,
                "file": 1,
                "line": 16,
                "col": 9,
                "lit": "env"
              },
              "value": {
                "type": 2,
                "file": 1,
                "line": 17,
                "col": 11,
                "map": [
                  {
                    "key": {
                      "type": 0,
                      "file": 1,
                      "line": 17,
                      "col": 11,
                      "lit": "POSTGRES_USER"
                    },
                    "value": {
                      "type": 0,
                      "file": 1,
                      "line": 17,
                      "col": 26,
                      "lit": "postgres"
                    }
                  },
                  {
                    "key": {
                      "type": 0,
                      "file": 1,
                      "line": 18,
                      "col": 11,
                      "lit": "POSTGRES_PASSWORD"
                    },
                    "value": {
                      "type": 0,
                      "file": 1,
                      "line": 18,
                      "col": 30,
                      "lit": "postgres"
                    }
                  },
                  {
                    "key": {
                      "type": 0,
                      "file": 1,
                      "line": 19,
                      "col": 11,
                      "lit": "POSTGRES_DB"
                    },
                    "value": {
                      "type": 0,
                      "file": 1,
                      "line": 19,
                      "col": 24,
                      "lit": "order_quality_analytics_db"
                    }
                  }
                ]
              }
            },
            {
              "key": {
                "type": 0,
                "file": 1,
                "line": 20,
                "col": 9,
                "lit": "ports"
              },
              "value": {
                "type": 1,
                "file": 1,
                "line": 21,
                "col": 11,
                "seq": [
                  {
                    "type": 0,
                    "file": 1,
                    "line": 21,
                    "col": 13,
                    "lit": "5432:5432"
                  }
                ]
              }
            },
            {
              "key": {
                "type": 0,
                "file": 1,
                "line": 22,
                "col": 9,
                "lit": "options"
              },
              "value": {
                "type": 0,
                "file": 1,
                "line": 22,
                "col": 18,
                "lit": "--health-cmd=\"pg_isready -U postgres\" --health-interval=10s --health-timeout=5s --health-retries=5"
              }
            }
          ]
        }
      }
    ]
  },
  "requestId": 0,
  "lockedUntil": "0001-01-01T00:00:00",
  "resources": {
    "endpoints": [
      {
        "data": {
          "ServerId": "",
          "ServerName": "",
          "CacheServerUrl": "https://artifactcache.actions.githubusercontent.com/2TR98a0Zas2k3Qc8wFcQK1DFvhi0GC2M6HKonGU6U1y0mlfFTK/",
          "FeedStreamUrl": "wss://results-receiver.actions.githubusercontent.com/_ws/ingest.sock",
          "ResultsServiceUrl": "https://results-receiver.actions.githubusercontent.com/",
          "PipelinesServiceUrl": "https://pipelinesghubeus24.actions.githubusercontent.com/2TR98a0Zas2k3Qc8wFcQK1DFvhi0GC2M6HKonGU6U1y0mlfFTK/",
          "GenerateIdTokenUrl": "",
          "ConnectivityChecks": "[\"https://broker.actions.githubusercontent.com/health\",\"https://token.actions.githubusercontent.com/ready\",\"https://run.actions.githubusercontent.com/health\"]"
        },
        "name": "SystemVssConnection",
        "url": "https://run-actions-1-azure-eastus.actions.githubusercontent.com/192/",
        "authorization": {
          "parameters": {
            "AccessToken": "***"
          },
          "scheme": "OAuth"
        },
        "isShared": false,
        "isReady": true
      }
    ]
  },
  "contextData": {
    "github": {
      "t": 2,
      "d": [
        {
          "k": "ref",
          "v": "refs/heads/main"
        },
        {
          "k": "sha",
          "v": "18dd7de688475c0af9fc33cffe4eca4db48389e6"
        },
        {
          "k": "repository",
          "v": "khushipadmakar/Marklogic_Dagster_DBT"
        },
        {
          "k": "repository_owner",
          "v": "khushipadmakar"
        },
        {
          "k": "repository_owner_id",
          "v": "142976119"
        },
        {
          "k": "repositoryUrl",
          "v": "git://github.com/khushipadmakar/Marklogic_Dagster_DBT.git"
        },
        {
          "k": "run_id",
          "v": "24131801157"
        },
        {
          "k": "run_number",
          "v": "16"
        },
        {
          "k": "retention_days",
          "v": "90"
        },
        {
          "k": "run_attempt",
          "v": "2"
        },
        {
          "k": "artifact_cache_size_limit",
          "v": "10"
        },
        {
          "k": "repository_visibility",
          "v": "public"
        },
        {
          "k": "actor_id",
          "v": "142976119"
        },
        {
          "k": "actor",
          "v": "khushipadmakar"
        },
        {
          "k": "workflow",
          "v": "ETL CI Pipeline"
        },
        {
          "k": "head_ref",
          "v": ""
        },
        {
          "k": "base_ref",
          "v": ""
        },
        {
          "k": "event_name",
          "v": "push"
        },
        {
          "k": "server_url",
          "v": "https://github.com"
        },
        {
          "k": "api_url",
          "v": "https://api.github.com"
        },
        {
          "k": "graphql_url",
          "v": "https://api.github.com/graphql"
        },
        {
          "k": "ref_name",
          "v": "main"
        },
        {
          "k": "ref_protected",
          "v": false
        },
        {
          "k": "ref_type",
          "v": "branch"
        },
        {
          "k": "secret_source",
          "v": "Actions"
        },
        {
          "k": "event",
          "v": {
            "t": 2,
            "d": [
              {
                "k": "after",
                "v": "18dd7de688475c0af9fc33cffe4eca4db48389e6"
              },
              {
                "k": "base_ref",
                "v": null
              },
              {
                "k": "before",
                "v": "0a9b5eede03078d65736694205bc269831e4e4ab"
              },
              {
                "k": "commits",
                "v": {
                  "t": 1,
                  "a": [
                    {
                      "t": 2,
                      "d": [
                        {
                          "k": "author",
                          "v": {
                            "t": 2,
                            "d": [
                              {
                                "k": "email",
                                "v": "khushboopadmakar@gmail.com"
                              },
                              {
                                "k": "name",
                                "v": "Khushboo Padmakar"
                              },
                              {
                                "k": "username",
                                "v": "khushipadmakar"
                              }
                            ]
                          }
                        },
                        {
                          "k": "committer",
                          "v": {
                            "t": 2,
                            "d": [
                              {
                                "k": "email",
                                "v": "khushboopadmakar@gmail.com"
                              },
                              {
                                "k": "name",
                                "v": "Khushboo Padmakar"
                              },
                              {
                                "k": "username",
                                "v": "khushipadmakar"
                              }
                            ]
                          }
                        },
                        {
                          "k": "distinct",
                          "v": true
                        },
                        {
                          "k": "id",
                          "v": "18dd7de688475c0af9fc33cffe4eca4db48389e6"
                        },
                        {
                          "k": "message",
                          "v": "trigger runner"
                        },
                        {
                          "k": "timestamp",
                          "v": "2026-04-08T16:26:18+05:30"
                        },
                        {
                          "k": "tree_id",
                          "v": "c1e8c8d3edc943c92e45ab7d9b23eae9876eca2c"
                        },
                        {
                          "k": "url",
                          "v": "https://github.com/khushipadmakar/Marklogic_Dagster_DBT/commit/18dd7de688475c0af9fc33cffe4eca4db48389e6"
                        }
                      ]
                    }
                  ]
                }
              },
              {
                "k": "compare",
                "v": "https://github.com/khushipadmakar/Marklogic_Dagster_DBT/compare/0a9b5eede030...18dd7de68847"
              },
              {
                "k": "created",
                "v": false
              },
              {
                "k": "deleted",
                "v": false
              },
              {
                "k": "forced",
                "v": false
              },
              {
                "k": "head_commit",
                "v": {
                  "t": 2,
                  "d": [
                    {
                      "k": "author",
                      "v": {
                        "t": 2,
                        "d": [
                          {
                            "k": "email",
                            "v": "khushboopadmakar@gmail.com"
                          },
                          {
                            "k": "name",
                            "v": "Khushboo Padmakar"
                          },
                          {
                            "k": "username",
                            "v": "khushipadmakar"
                          }
                        ]
                      }
                    },
                    {
                      "k": "committer",
                      "v": {
                        "t": 2,
                        "d": [
                          {
                            "k": "email",
                            "v": "khushboopadmakar@gmail.com"
                          },
                          {
                            "k": "name",
                            "v": "Khushboo Padmakar"
                          },
                          {
                            "k": "username",
                            "v": "khushipadmakar"
                          }
                        ]
                      }
                    },
                    {
                      "k": "distinct",
                      "v": true
                    },
                    {
                      "k": "id",
                      "v": "18dd7de688475c0af9fc33cffe4eca4db48389e6"
                    },
                    {
                      "k": "message",
                      "v": "trigger runner"
                    },
                    {
                      "k": "timestamp",
                      "v": "2026-04-08T16:26:18+05:30"
                    },
                    {
                      "k": "tree_id",
                      "v": "c1e8c8d3edc943c92e45ab7d9b23eae9876eca2c"
                    },
                    {
                      "k": "url",
                      "v": "https://github.com/khushipadmakar/Marklogic_Dagster_DBT/commit/18dd7de688475c0af9fc33cffe4eca4db48389e6"
                    }
                  ]
                }
              },
              {
                "k": "pusher",
                "v": {
                  "t": 2,
                  "d": [
                    {
                      "k": "email",
                      "v": "142976119+khushipadmakar@users.noreply.github.com"
                    },
                    {
                      "k": "name",
                      "v": "khushipadmakar"
                    }
                  ]
                }
              },
              {
                "k": "ref",
                "v": "refs/heads/main"
              },
              {
                "k": "repository",
                "v": {
                  "t": 2,
                  "d": [
                    {
                      "k": "allow_forking",
                      "v": true
                    },
                    {
                      "k": "archive_url",
                      "v": "https://api.github.com/repos/khushipadmakar/Marklogic_Dagster_DBT/{archive_format}{/ref}"
                    },
                    {
                      "k": "archived",
                      "v": false
                    },
                    {
                      "k": "assignees_url",
                      "v": "https://api.github.com/repos/khushipadmakar/Marklogic_Dagster_DBT/assignees{/user}"
                    },
                    {
                      "k": "blobs_url",
                      "v": "https://api.github.com/repos/khushipadmakar/Marklogic_Dagster_DBT/git/blobs{/sha}"
                    },
                    {
                      "k": "branches_url",
                      "v": "https://api.github.com/repos/khushipadmakar/Marklogic_Dagster_DBT/branches{/branch}"
                    },
                    {
                      "k": "clone_url",
                      "v": "https://github.com/khushipadmakar/Marklogic_Dagster_DBT.git"
                    },
                    {
                      "k": "collaborators_url",
                      "v": "https://api.github.com/repos/khushipadmakar/Marklogic_Dagster_DBT/collaborators{/collaborator}"
                    },
                    {
                      "k": "comments_url",
                      "v": "https://api.github.com/repos/khushipadmakar/Marklogic_Dagster_DBT/comments{/number}"
                    },
                    {
                      "k": "commits_url",
                      "v": "https://api.github.com/repos/khushipadmakar/Marklogic_Dagster_DBT/commits{/sha}"
                    },
                    {
                      "k": "compare_url",
                      "v": "https://api.github.com/repos/khushipadmakar/Marklogic_Dagster_DBT/compare/{base}...{head}"
                    },
                    {
                      "k": "contents_url",
                      "v": "https://api.github.com/repos/khushipadmakar/Marklogic_Dagster_DBT/contents/{+path}"
                    },
                    {
                      "k": "contributors_url",
                      "v": "https://api.github.com/repos/khushipadmakar/Marklogic_Dagster_DBT/contributors"
                    },
                    {
                      "k": "created_at",
                      "v": 1775588054.0
                    },
                    {
                      "k": "default_branch",
                      "v": "main"
                    },
                    {
                      "k": "deployments_url",
                      "v": "https://api.github.com/repos/khushipadmakar/Marklogic_Dagster_DBT/deployments"
                    },
                    {
                      "k": "description",
                      "v": null
                    },
                    {
                      "k": "disabled",
                      "v": false
                    },
                    {
                      "k": "downloads_url",
                      "v": "https://api.github.com/repos/khushipadmakar/Marklogic_Dagster_DBT/downloads"
                    },
                    {
                      "k": "events_url",
                      "v": "https://api.github.com/repos/khushipadmakar/Marklogic_Dagster_DBT/events"
                    },
                    {
                      "k": "fork",
                      "v": false
                    },
                    {
                      "k": "forks",
                      "v": 0.0
                    },
                    {
                      "k": "forks_count",
                      "v": 0.0
                    },
                    {
                      "k": "forks_url",
                      "v": "https://api.github.com/repos/khushipadmakar/Marklogic_Dagster_DBT/forks"
                    },
                    {
                      "k": "full_name",
                      "v": "khushipadmakar/Marklogic_Dagster_DBT"
                    },
                    {
                      "k": "git_commits_url",
                      "v": "https://api.github.com/repos/khushipadmakar/Marklogic_Dagster_DBT/git/commits{/sha}"
                    },
                    {
                      "k": "git_refs_url",
                      "v": "https://api.github.com/repos/khushipadmakar/Marklogic_Dagster_DBT/git/refs{/sha}"
                    },
                    {
                      "k": "git_tags_url",
                      "v": "https://api.github.com/repos/khushipadmakar/Marklogic_Dagster_DBT/git/tags{/sha}"
                    },
                    {
                      "k": "git_url",
                      "v": "git://github.com/khushipadmakar/Marklogic_Dagster_DBT.git"
                    },
                    {
                      "k": "has_discussions",
                      "v": false
                    },
                    {
                      "k": "has_downloads",
                      "v": true
                    },
                    {
                      "k": "has_issues",
                      "v": true
                    },
                    {
                      "k": "has_pages",
                      "v": false
                    },
                    {
                      "k": "has_projects",
                      "v": true
                    },
                    {
                      "k": "has_pull_requests",
                      "v": true
                    },
                    {
                      "k": "has_wiki",
                      "v": true
                    },
                    {
                      "k": "homepage",
                      "v": null
                    },
                    {
                      "k": "hooks_url",
                      "v": "https://api.github.com/repos/khushipadmakar/Marklogic_Dagster_DBT/hooks"
                    },
                    {
                      "k": "html_url",
                      "v": "https://github.com/khushipadmakar/Marklogic_Dagster_DBT"
                    },
                    {
                      "k": "id",
                      "v": 1204168870.0
                    },
                    {
                      "k": "is_template",
                      "v": false
                    },
                    {
                      "k": "issue_comment_url",
                      "v": "https://api.github.com/repos/khushipadmakar/Marklogic_Dagster_DBT/issues/comments{/number}"
                    },
                    {
                      "k": "issue_events_url",
                      "v": "https://api.github.com/repos/khushipadmakar/Marklogic_Dagster_DBT/issues/events{/number}"
                    },
                    {
                      "k": "issues_url",
                      "v": "https://api.github.com/repos/khushipadmakar/Marklogic_Dagster_DBT/issues{/number}"
                    },
                    {
                      "k": "keys_url",
                      "v": "https://api.github.com/repos/khushipadmakar/Marklogic_Dagster_DBT/keys{/key_id}"
                    },
                    {
                      "k": "labels_url",
                      "v": "https://api.github.com/repos/khushipadmakar/Marklogic_Dagster_DBT/labels{/name}"
                    },
                    {
                      "k": "language",
                      "v": "HTML"
                    },
                    {
                      "k": "languages_url",
                      "v": "https://api.github.com/repos/khushipadmakar/Marklogic_Dagster_DBT/languages"
                    },
                    {
                      "k": "license",
                      "v": null
                    },
                    {
                      "k": "master_branch",
                      "v": "main"
                    },
                    {
                      "k": "merges_url",
                      "v": "https://api.github.com/repos/khushipadmakar/Marklogic_Dagster_DBT/merges"
                    },
                    {
                      "k": "milestones_url",
                      "v": "https://api.github.com/repos/khushipadmakar/Marklogic_Dagster_DBT/milestones{/number}"
                    },
                    {
                      "k": "mirror_url",
                      "v": null
                    },
                    {
                      "k": "name",
                      "v": "Marklogic_Dagster_DBT"
                    },
                    {
                      "k": "node_id",
                      "v": "R_kgDOR8Yopg"
                    },
                    {
                      "k": "notifications_url",
                      "v": "https://api.github.com/repos/khushipadmakar/Marklogic_Dagster_DBT/notifications{?since,all,participating}"
                    },
                    {
                      "k": "open_issues",
                      "v": 0.0
                    },
                    {
                      "k": "open_issues_count",
                      "v": 0.0
                    },
                    {
                      "k": "owner",
                      "v": {
                        "t": 2,
                        "d": [
                          {
                            "k": "avatar_url",
                            "v": "https://avatars.githubusercontent.com/u/142976119?v=4"
                          },
                          {
                            "k": "email",
                            "v": "142976119+khushipadmakar@users.noreply.github.com"
                          },
                          {
                            "k": "events_url",
                            "v": "https://api.github.com/users/khushipadmakar/events{/privacy}"
                          },
                          {
                            "k": "followers_url",
                            "v": "https://api.github.com/users/khushipadmakar/followers"
                          },
                          {
                            "k": "following_url",
                            "v": "https://api.github.com/users/khushipadmakar/following{/other_user}"
                          },
                          {
                            "k": "gists_url",
                            "v": "https://api.github.com/users/khushipadmakar/gists{/gist_id}"
                          },
                          {
                            "k": "gravatar_id",
                            "v": ""
                          },
                          {
                            "k": "html_url",
                            "v": "https://github.com/khushipadmakar"
                          },
                          {
                            "k": "id",
                            "v": 142976119.0
                          },
                          {
                            "k": "login",
                            "v": "khushipadmakar"
                          },
                          {
                            "k": "name",
                            "v": "khushipadmakar"
                          },
                          {
                            "k": "node_id",
                            "v": "U_kgDOCIWkdw"
                          },
                          {
                            "k": "organizations_url",
                            "v": "https://api.github.com/users/khushipadmakar/orgs"
                          },
                          {
                            "k": "received_events_url",
                            "v": "https://api.github.com/users/khushipadmakar/received_events"
                          },
                          {
                            "k": "repos_url",
                            "v": "https://api.github.com/users/khushipadmakar/repos"
                          },
                          {
                            "k": "site_admin",
                            "v": false
                          },
                          {
                            "k": "starred_url",
                            "v": "https://api.github.com/users/khushipadmakar/starred{/owner}{/repo}"
                          },
                          {
                            "k": "subscriptions_url",
                            "v": "https://api.github.com/users/khushipadmakar/subscriptions"
                          },
                          {
                            "k": "type",
                            "v": "User"
                          },
                          {
                            "k": "url",
                            "v": "https://api.github.com/users/khushipadmakar"
                          },
                          {
                            "k": "user_view_type",
                            "v": "public"
                          }
                        ]
                      }
                    },
                    {
                      "k": "private",
                      "v": false
                    },
                    {
                      "k": "pull_request_creation_policy",
                      "v": "all"
                    },
                    {
                      "k": "pulls_url",
                      "v": "https://api.github.com/repos/khushipadmakar/Marklogic_Dagster_DBT/pulls{/number}"
                    },
                    {
                      "k": "pushed_at",
                      "v": 1775645843.0
                    },
                    {
                      "k": "releases_url",
                      "v": "https://api.github.com/repos/khushipadmakar/Marklogic_Dagster_DBT/releases{/id}"
                    },
                    {
                      "k": "size",
                      "v": 2637.0
                    },
                    {
                      "k": "ssh_url",
                      "v": "git@github.com:khushipadmakar/Marklogic_Dagster_DBT.git"
                    },
                    {
                      "k": "stargazers",
                      "v": 0.0
                    },
                    {
                      "k": "stargazers_count",
                      "v": 0.0
                    },
                    {
                      "k": "stargazers_url",
                      "v": "https://api.github.com/repos/khushipadmakar/Marklogic_Dagster_DBT/stargazers"
                    },
                    {
                      "k": "statuses_url",
                      "v": "https://api.github.com/repos/khushipadmakar/Marklogic_Dagster_DBT/statuses/{sha}"
                    },
                    {
                      "k": "subscribers_url",
                      "v": "https://api.github.com/repos/khushipadmakar/Marklogic_Dagster_DBT/subscribers"
                    },
                    {
                      "k": "subscription_url",
                      "v": "https://api.github.com/repos/khushipadmakar/Marklogic_Dagster_DBT/subscription"
                    },
                    {
                      "k": "svn_url",
                      "v": "https://github.com/khushipadmakar/Marklogic_Dagster_DBT"
                    },
                    {
                      "k": "tags_url",
                      "v": "https://api.github.com/repos/khushipadmakar/Marklogic_Dagster_DBT/tags"
                    },
                    {
                      "k": "teams_url",
                      "v": "https://api.github.com/repos/khushipadmakar/Marklogic_Dagster_DBT/teams"
                    },
                    {
                      "k": "topics",
                      "v": {
                        "t": 1
                      }
                    },
                    {
                      "k": "trees_url",
                      "v": "https://api.github.com/repos/khushipadmakar/Marklogic_Dagster_DBT/git/trees{/sha}"
                    },
                    {
                      "k": "updated_at",
                      "v": "2026-04-08T09:07:45Z"
                    },
                    {
                      "k": "url",
                      "v": "https://api.github.com/repos/khushipadmakar/Marklogic_Dagster_DBT"
                    },
                    {
                      "k": "visibility",
                      "v": "public"
                    },
                    {
                      "k": "watchers",
                      "v": 0.0
                    },
                    {
                      "k": "watchers_count",
                      "v": 0.0
                    },
                    {
                      "k": "web_commit_signoff_required",
                      "v": false
                    }
                  ]
                }
              },
              {
                "k": "sender",
                "v": {
                  "t": 2,
                  "d": [
                    {
                      "k": "avatar_url",
                      "v": "https://avatars.githubusercontent.com/u/142976119?v=4"
                    },
                    {
                      "k": "events_url",
                      "v": "https://api.github.com/users/khushipadmakar/events{/privacy}"
                    },
                    {
                      "k": "followers_url",
                      "v": "https://api.github.com/users/khushipadmakar/followers"
                    },
                    {
                      "k": "following_url",
                      "v": "https://api.github.com/users/khushipadmakar/following{/other_user}"
                    },
                    {
                      "k": "gists_url",
                      "v": "https://api.github.com/users/khushipadmakar/gists{/gist_id}"
                    },
                    {
                      "k": "gravatar_id",
                      "v": ""
                    },
                    {
                      "k": "html_url",
                      "v": "https://github.com/khushipadmakar"
                    },
                    {
                      "k": "id",
                      "v": 142976119.0
                    },
                    {
                      "k": "login",
                      "v": "khushipadmakar"
                    },
                    {
                      "k": "node_id",
                      "v": "U_kgDOCIWkdw"
                    },
                    {
                      "k": "organizations_url",
                      "v": "https://api.github.com/users/khushipadmakar/orgs"
                    },
                    {
                      "k": "received_events_url",
                      "v": "https://api.github.com/users/khushipadmakar/received_events"
                    },
                    {
                      "k": "repos_url",
                      "v": "https://api.github.com/users/khushipadmakar/repos"
                    },
                    {
                      "k": "site_admin",
                      "v": false
                    },
                    {
                      "k": "starred_url",
                      "v": "https://api.github.com/users/khushipadmakar/starred{/owner}{/repo}"
                    },
                    {
                      "k": "subscriptions_url",
                      "v": "https://api.github.com/users/khushipadmakar/subscriptions"
                    },
                    {
                      "k": "type",
                      "v": "User"
                    },
                    {
                      "k": "url",
                      "v": "https://api.github.com/users/khushipadmakar"
                    },
                    {
                      "k": "user_view_type",
                      "v": "public"
                    }
                  ]
                }
              }
            ]
          }
        },
        {
          "k": "workflow_ref",
          "v": "khushipadmakar/Marklogic_Dagster_DBT/.github/workflows/ci.yml@refs/heads/main"
        },
        {
          "k": "workflow_sha",
          "v": "18dd7de688475c0af9fc33cffe4eca4db48389e6"
        },
        {
          "k": "repository_id",
          "v": "1204168870"
        },
        {
          "k": "triggering_actor",
          "v": "khushipadmakar"
        }
      ]
    },
    "inputs": {
      "t": 2
    },
    "job": {
      "t": 2,
      "d": [
        {
          "k": "check_run_id",
          "v": 70410663619.0
        }
      ]
    },
    "matrix": null,
    "needs": {
      "t": 2
    },
    "strategy": {
      "t": 2,
      "d": [
        {
          "k": "fail-fast",
          "v": true
        },
        {
          "k": "job-index",
          "v": 0.0
        },
        {
          "k": "job-total",
          "v": 1.0
        },
        {
          "k": "max-parallel",
          "v": 1.0
        }
      ]
    },
    "vars": {
      "t": 2
    }
  },
  "billingOwnerId": "U_kgDOCIWkdw"
}
[2026-04-08 11:12:47Z INFO JobRunner] Job ID 5248f4e1-f671-5b09-b026-7458034a9428
[2026-04-08 11:12:47Z INFO ConfigurationStore] currentAssemblyLocation: C:\Users\HP\Downloads\MarkLogic\actions-runner\bin\Runner.Worker.dll
[2026-04-08 11:12:47Z INFO HostContext] Well known directory 'Bin': 'C:\Users\HP\Downloads\MarkLogic\actions-runner\bin'
[2026-04-08 11:12:47Z INFO ConfigurationStore] binPath: C:\Users\HP\Downloads\MarkLogic\actions-runner\bin
[2026-04-08 11:12:47Z INFO HostContext] Well known directory 'Bin': 'C:\Users\HP\Downloads\MarkLogic\actions-runner\bin'
[2026-04-08 11:12:47Z INFO HostContext] Well known directory 'Root': 'C:\Users\HP\Downloads\MarkLogic\actions-runner'
[2026-04-08 11:12:47Z INFO ConfigurationStore] RootFolder: C:\Users\HP\Downloads\MarkLogic\actions-runner
[2026-04-08 11:12:47Z INFO HostContext] Well known directory 'Bin': 'C:\Users\HP\Downloads\MarkLogic\actions-runner\bin'
[2026-04-08 11:12:47Z INFO HostContext] Well known directory 'Root': 'C:\Users\HP\Downloads\MarkLogic\actions-runner'
[2026-04-08 11:12:47Z INFO HostContext] Well known config file 'Runner': 'C:\Users\HP\Downloads\MarkLogic\actions-runner\.runner'
[2026-04-08 11:12:47Z INFO ConfigurationStore] ConfigFilePath: C:\Users\HP\Downloads\MarkLogic\actions-runner\.runner
[2026-04-08 11:12:47Z INFO HostContext] Well known directory 'Bin': 'C:\Users\HP\Downloads\MarkLogic\actions-runner\bin'
[2026-04-08 11:12:47Z INFO HostContext] Well known directory 'Root': 'C:\Users\HP\Downloads\MarkLogic\actions-runner'
[2026-04-08 11:12:47Z INFO HostContext] Well known config file 'MigratedRunner': 'C:\Users\HP\Downloads\MarkLogic\actions-runner\.runner_migrated'
[2026-04-08 11:12:47Z INFO ConfigurationStore] MigratedConfigFilePath: C:\Users\HP\Downloads\MarkLogic\actions-runner\.runner_migrated
[2026-04-08 11:12:47Z INFO HostContext] Well known directory 'Bin': 'C:\Users\HP\Downloads\MarkLogic\actions-runner\bin'
[2026-04-08 11:12:47Z INFO HostContext] Well known directory 'Root': 'C:\Users\HP\Downloads\MarkLogic\actions-runner'
[2026-04-08 11:12:47Z INFO HostContext] Well known config file 'Credentials': 'C:\Users\HP\Downloads\MarkLogic\actions-runner\.credentials'
[2026-04-08 11:12:47Z INFO ConfigurationStore] CredFilePath: C:\Users\HP\Downloads\MarkLogic\actions-runner\.credentials
[2026-04-08 11:12:47Z INFO HostContext] Well known directory 'Bin': 'C:\Users\HP\Downloads\MarkLogic\actions-runner\bin'
[2026-04-08 11:12:47Z INFO HostContext] Well known directory 'Root': 'C:\Users\HP\Downloads\MarkLogic\actions-runner'
[2026-04-08 11:12:47Z INFO HostContext] Well known config file 'MigratedCredentials': 'C:\Users\HP\Downloads\MarkLogic\actions-runner\.credentials_migrated'
[2026-04-08 11:12:47Z INFO ConfigurationStore] MigratedCredFilePath: C:\Users\HP\Downloads\MarkLogic\actions-runner\.credentials_migrated
[2026-04-08 11:12:47Z INFO HostContext] Well known directory 'Bin': 'C:\Users\HP\Downloads\MarkLogic\actions-runner\bin'
[2026-04-08 11:12:47Z INFO HostContext] Well known directory 'Root': 'C:\Users\HP\Downloads\MarkLogic\actions-runner'
[2026-04-08 11:12:47Z INFO HostContext] Well known config file 'Service': 'C:\Users\HP\Downloads\MarkLogic\actions-runner\.service'
[2026-04-08 11:12:47Z INFO ConfigurationStore] ServiceConfigFilePath: C:\Users\HP\Downloads\MarkLogic\actions-runner\.service
[2026-04-08 11:12:47Z INFO ConfigurationStore] Read setting file: 406 chars
[2026-04-08 11:12:47Z INFO JobRunner] Initializing launch client
[2026-04-08 11:12:47Z INFO JobServerQueue] Initializing results client
[2026-04-08 11:12:47Z INFO ResultServer] Creating websocket client ...wss://results-receiver.actions.githubusercontent.com/_ws/ingest.sock
[2026-04-08 11:12:47Z INFO ResultServer] Attempting to start websocket client with delay 00:00:00.
[2026-04-08 11:12:47Z INFO JobServerQueue] Start process web console line queue.
[2026-04-08 11:12:47Z INFO JobServerQueue] Start process file upload queue.
[2026-04-08 11:12:47Z INFO JobServerQueue] Start results file upload queue.
[2026-04-08 11:12:47Z INFO JobServerQueue] Starting results-based upload queue...
[2026-04-08 11:12:47Z INFO JobServerQueue] Start process timeline update queue.
[2026-04-08 11:12:47Z INFO ExecutionContext] Initializing Job context
[2026-04-08 11:12:47Z INFO ExecutionContext] Initialize GitHub context
[2026-04-08 11:12:47Z INFO ExecutionContext] Initialize Env context
[2026-04-08 11:12:47Z INFO HostContext] Well known directory 'Bin': 'C:\Users\HP\Downloads\MarkLogic\actions-runner\bin'
[2026-04-08 11:12:47Z INFO HostContext] Well known directory 'Root': 'C:\Users\HP\Downloads\MarkLogic\actions-runner'
[2026-04-08 11:12:47Z INFO HostContext] Well known directory 'Diag': 'C:\Users\HP\Downloads\MarkLogic\actions-runner\_diag'
[2026-04-08 11:12:47Z INFO HostContext] Well known directory 'Bin': 'C:\Users\HP\Downloads\MarkLogic\actions-runner\bin'
[2026-04-08 11:12:47Z INFO HostContext] Well known directory 'Root': 'C:\Users\HP\Downloads\MarkLogic\actions-runner'
[2026-04-08 11:12:47Z INFO HostContext] Well known directory 'Diag': 'C:\Users\HP\Downloads\MarkLogic\actions-runner\_diag'
[2026-04-08 11:12:47Z INFO JobRunner] Starting the job execution context.
[2026-04-08 11:12:47Z INFO HostContext] Well known directory 'Bin': 'C:\Users\HP\Downloads\MarkLogic\actions-runner\bin'
[2026-04-08 11:12:47Z INFO HostContext] Well known directory 'Root': 'C:\Users\HP\Downloads\MarkLogic\actions-runner'
[2026-04-08 11:12:47Z INFO HostContext] Well known directory 'Work': 'C:\Users\HP\Downloads\MarkLogic\actions-runner\_work'
[2026-04-08 11:12:47Z INFO JobRunner] Validating directory permissions for: 'C:\Users\HP\Downloads\MarkLogic\actions-runner\_work'
[2026-04-08 11:12:47Z INFO HostContext] Well known directory 'Bin': 'C:\Users\HP\Downloads\MarkLogic\actions-runner\bin'
[2026-04-08 11:12:47Z INFO HostContext] Well known directory 'Root': 'C:\Users\HP\Downloads\MarkLogic\actions-runner'
[2026-04-08 11:12:47Z INFO HostContext] Well known directory 'Work': 'C:\Users\HP\Downloads\MarkLogic\actions-runner\_work'
[2026-04-08 11:12:47Z INFO HostContext] Well known directory 'Tools': 'C:\Users\HP\Downloads\MarkLogic\actions-runner\_work\_tool'
[2026-04-08 11:12:47Z INFO HostContext] Well known directory 'Bin': 'C:\Users\HP\Downloads\MarkLogic\actions-runner\bin'
[2026-04-08 11:12:47Z INFO HostContext] Well known directory 'Root': 'C:\Users\HP\Downloads\MarkLogic\actions-runner'
[2026-04-08 11:12:47Z INFO HostContext] Well known directory 'Work': 'C:\Users\HP\Downloads\MarkLogic\actions-runner\_work'
[2026-04-08 11:12:47Z INFO HostContext] Well known directory 'Temp': 'C:\Users\HP\Downloads\MarkLogic\actions-runner\_work\_temp'
[2026-04-08 11:12:47Z INFO JobRunner] Getting job extension.
[2026-04-08 11:12:47Z INFO JobRunner] Initialize job. Getting all job steps.
[2026-04-08 11:12:47Z INFO HostContext] Well known directory 'Bin': 'C:\Users\HP\Downloads\MarkLogic\actions-runner\bin'
[2026-04-08 11:12:47Z INFO HostContext] Well known directory 'Root': 'C:\Users\HP\Downloads\MarkLogic\actions-runner'
[2026-04-08 11:12:47Z INFO HostContext] Well known directory 'Diag': 'C:\Users\HP\Downloads\MarkLogic\actions-runner\_diag'
[2026-04-08 11:12:47Z INFO HostContext] Well known directory 'Bin': 'C:\Users\HP\Downloads\MarkLogic\actions-runner\bin'
[2026-04-08 11:12:47Z INFO HostContext] Well known directory 'Root': 'C:\Users\HP\Downloads\MarkLogic\actions-runner'
[2026-04-08 11:12:47Z INFO HostContext] Well known directory 'Diag': 'C:\Users\HP\Downloads\MarkLogic\actions-runner\_diag'
[2026-04-08 11:12:47Z INFO HostContext] Well known directory 'Bin': 'C:\Users\HP\Downloads\MarkLogic\actions-runner\bin'
[2026-04-08 11:12:47Z INFO HostContext] Well known directory 'Root': 'C:\Users\HP\Downloads\MarkLogic\actions-runner'
[2026-04-08 11:12:47Z INFO HostContext] Well known config file 'Credentials': 'C:\Users\HP\Downloads\MarkLogic\actions-runner\.credentials'
[2026-04-08 11:12:47Z INFO HostContext] Well known directory 'Bin': 'C:\Users\HP\Downloads\MarkLogic\actions-runner\bin'
[2026-04-08 11:12:47Z INFO HostContext] Well known directory 'Root': 'C:\Users\HP\Downloads\MarkLogic\actions-runner'
[2026-04-08 11:12:47Z INFO HostContext] Well known config file 'SetupInfo': 'C:\Users\HP\Downloads\MarkLogic\actions-runner\.setup_info'
[2026-04-08 11:12:47Z INFO HostContext] Well known directory 'Bin': 'C:\Users\HP\Downloads\MarkLogic\actions-runner\bin'
[2026-04-08 11:12:47Z INFO HostContext] Well known directory 'Root': 'C:\Users\HP\Downloads\MarkLogic\actions-runner'
[2026-04-08 11:12:47Z INFO HostContext] Well known directory 'Work': 'C:\Users\HP\Downloads\MarkLogic\actions-runner\_work'
[2026-04-08 11:12:47Z INFO PipelineDirectoryManager] Loading tracking config if exists: C:\Users\HP\Downloads\MarkLogic\actions-runner\_work\_PipelineMapping\khushipadmakar/Marklogic_Dagster_DBT\PipelineFolder.json
[2026-04-08 11:12:47Z INFO PipelineDirectoryManager] Updating job run properties.
[2026-04-08 11:12:47Z INFO HostContext] Well known directory 'Bin': 'C:\Users\HP\Downloads\MarkLogic\actions-runner\bin'
[2026-04-08 11:12:47Z INFO HostContext] Well known directory 'Root': 'C:\Users\HP\Downloads\MarkLogic\actions-runner'
[2026-04-08 11:12:47Z INFO HostContext] Well known directory 'Work': 'C:\Users\HP\Downloads\MarkLogic\actions-runner\_work'
[2026-04-08 11:12:47Z INFO HostContext] Well known directory 'Bin': 'C:\Users\HP\Downloads\MarkLogic\actions-runner\bin'
[2026-04-08 11:12:47Z INFO HostContext] Well known directory 'Root': 'C:\Users\HP\Downloads\MarkLogic\actions-runner'
[2026-04-08 11:12:47Z INFO HostContext] Well known directory 'Work': 'C:\Users\HP\Downloads\MarkLogic\actions-runner\_work'
[2026-04-08 11:12:47Z INFO HostContext] Well known directory 'Bin': 'C:\Users\HP\Downloads\MarkLogic\actions-runner\bin'
[2026-04-08 11:12:47Z INFO HostContext] Well known directory 'Root': 'C:\Users\HP\Downloads\MarkLogic\actions-runner'
[2026-04-08 11:12:47Z INFO HostContext] Well known directory 'Work': 'C:\Users\HP\Downloads\MarkLogic\actions-runner\_work'
[2026-04-08 11:12:47Z INFO HostContext] Well known directory 'Bin': 'C:\Users\HP\Downloads\MarkLogic\actions-runner\bin'
[2026-04-08 11:12:47Z INFO HostContext] Well known directory 'Root': 'C:\Users\HP\Downloads\MarkLogic\actions-runner'
[2026-04-08 11:12:47Z INFO HostContext] Well known directory 'Work': 'C:\Users\HP\Downloads\MarkLogic\actions-runner\_work'
[2026-04-08 11:12:47Z INFO HostContext] Well known directory 'Bin': 'C:\Users\HP\Downloads\MarkLogic\actions-runner\bin'
[2026-04-08 11:12:47Z INFO HostContext] Well known directory 'Root': 'C:\Users\HP\Downloads\MarkLogic\actions-runner'
[2026-04-08 11:12:47Z INFO HostContext] Well known directory 'Work': 'C:\Users\HP\Downloads\MarkLogic\actions-runner\_work'
[2026-04-08 11:12:47Z INFO HostContext] Well known directory 'Tools': 'C:\Users\HP\Downloads\MarkLogic\actions-runner\_work\_tool'
[2026-04-08 11:12:47Z INFO HostContext] Well known directory 'Bin': 'C:\Users\HP\Downloads\MarkLogic\actions-runner\bin'
[2026-04-08 11:12:47Z INFO HostContext] Well known directory 'Root': 'C:\Users\HP\Downloads\MarkLogic\actions-runner'
[2026-04-08 11:12:47Z INFO HostContext] Well known directory 'Externals': 'C:\Users\HP\Downloads\MarkLogic\actions-runner\externals'
[2026-04-08 11:12:47Z INFO JobExtension] Downloading actions
[2026-04-08 11:12:47Z INFO HostContext] Well known directory 'Bin': 'C:\Users\HP\Downloads\MarkLogic\actions-runner\bin'
[2026-04-08 11:12:47Z INFO HostContext] Well known directory 'Root': 'C:\Users\HP\Downloads\MarkLogic\actions-runner'
[2026-04-08 11:12:47Z INFO HostContext] Well known directory 'Work': 'C:\Users\HP\Downloads\MarkLogic\actions-runner\_work'
[2026-04-08 11:12:47Z INFO HostContext] Well known directory 'Actions': 'C:\Users\HP\Downloads\MarkLogic\actions-runner\_work\_actions'
[2026-04-08 11:12:48Z INFO Worker] Listening for cancel message from the channel.
[2026-04-08 11:12:48Z INFO Worker] Waiting for the job to complete or for a cancel message from the channel.
[2026-04-08 11:12:49Z INFO HostContext] Well known directory 'Bin': 'C:\Users\HP\Downloads\MarkLogic\actions-runner\bin'
[2026-04-08 11:12:49Z INFO HostContext] Well known directory 'Root': 'C:\Users\HP\Downloads\MarkLogic\actions-runner'
[2026-04-08 11:12:49Z INFO HostContext] Well known directory 'Work': 'C:\Users\HP\Downloads\MarkLogic\actions-runner\_work'
[2026-04-08 11:12:49Z INFO HostContext] Well known directory 'Actions': 'C:\Users\HP\Downloads\MarkLogic\actions-runner\_work\_actions'
[2026-04-08 11:12:49Z INFO HostContext] Well known directory 'Bin': 'C:\Users\HP\Downloads\MarkLogic\actions-runner\bin'
[2026-04-08 11:12:49Z INFO HostContext] Well known directory 'Root': 'C:\Users\HP\Downloads\MarkLogic\actions-runner'
[2026-04-08 11:12:49Z INFO HostContext] Well known directory 'Work': 'C:\Users\HP\Downloads\MarkLogic\actions-runner\_work'
[2026-04-08 11:12:49Z INFO HostContext] Well known directory 'Actions': 'C:\Users\HP\Downloads\MarkLogic\actions-runner\_work\_actions'
[2026-04-08 11:12:49Z INFO ActionManager] Save archive 'https://api.github.com/repos/actions/checkout/zipball/34e114876b0b11c390a56381ad16ebd13914f8d5' into C:\Users\HP\Downloads\MarkLogic\actions-runner\_work\_actions\_temp_dad8e8e5-6945-41f8-a12e-63ee12dc0ada\ec71f90a-9e0d-483c-a8c0-8640890ef9bb.zip.
[2026-04-08 11:12:50Z INFO ProcessChannel] Receiving message of length 0, with hash 'e3b0c44298fc1c149afbf4c8996fb92427ae41e4649b934ca495991b7852b855'
[2026-04-08 11:12:50Z INFO Worker] Cancellation/Shutdown message received.
[2026-04-08 11:12:50Z INFO HostContext] Runner will be shutdown for UserCancelled
[2026-04-08 11:12:50Z INFO ActionManager] Request URL: https://api.github.com/repos/actions/checkout/zipball/34e114876b0b11c390a56381ad16ebd13914f8d5 X-GitHub-Request-Id: 37BF:8732B:9257:2A107:69D63832 Http Status: OK
[2026-04-08 11:12:50Z INFO ActionManager] Action download has been cancelled.
[2026-04-08 11:12:50Z ERR  JobExtension] Caught cancellation exception from JobExtension Initialization: System.Threading.Tasks.TaskCanceledException: A task was canceled.
   at GitHub.Runner.Worker.ActionManager.DownloadRepositoryArchive(IExecutionContext executionContext, String downloadUrl, String downloadAuthToken, String archiveFile)
   at GitHub.Runner.Worker.ActionManager.DownloadRepositoryActionAsync(IExecutionContext executionContext, ActionDownloadInfo downloadInfo)
   at GitHub.Runner.Worker.ActionManager.PrepareActionsRecursiveAsync(IExecutionContext executionContext, PrepareActionsState state, IEnumerable`1 actions, Int32 depth, Guid parentStepId)
   at GitHub.Runner.Worker.ActionManager.PrepareActionsAsync(IExecutionContext executionContext, IEnumerable`1 steps, Guid rootStepId)
   at GitHub.Runner.Worker.JobExtension.InitializeJob(IExecutionContext jobContext, AgentJobRequestMessage message)
[2026-04-08 11:12:50Z INFO ExecutionContext] Publish step telemetry for current step {
  "action": "setup_job",
  "type": "runner",
  "stage": "Pre",
  "stepId": "d4a15773-7b0c-4ce5-ab9f-a2be934589b1",
  "result": "canceled",
  "errorMessages": [
    "A task was canceled."
  ],
  "executionTimeInSeconds": 4,
  "startTime": "2026-04-08T11:12:47.7792867Z",
  "finishTime": "2026-04-08T11:12:50.8443703Z"
}.
[2026-04-08 11:12:50Z ERR  JobRunner] Job is cancelled during initialize.
[2026-04-08 11:12:50Z ERR  JobRunner] Caught exception: System.Threading.Tasks.TaskCanceledException: A task was canceled.
   at GitHub.Runner.Worker.ActionManager.DownloadRepositoryArchive(IExecutionContext executionContext, String downloadUrl, String downloadAuthToken, String archiveFile)
   at GitHub.Runner.Worker.ActionManager.DownloadRepositoryActionAsync(IExecutionContext executionContext, ActionDownloadInfo downloadInfo)
   at GitHub.Runner.Worker.ActionManager.PrepareActionsRecursiveAsync(IExecutionContext executionContext, PrepareActionsState state, IEnumerable`1 actions, Int32 depth, Guid parentStepId)
   at GitHub.Runner.Worker.ActionManager.PrepareActionsAsync(IExecutionContext executionContext, IEnumerable`1 steps, Guid rootStepId)
   at GitHub.Runner.Worker.JobExtension.InitializeJob(IExecutionContext jobContext, AgentJobRequestMessage message)
   at GitHub.Runner.Worker.JobRunner.RunAsync(AgentJobRequestMessage message, CancellationToken jobRequestCancellationToken)
[2026-04-08 11:12:50Z INFO JobRunner] Shutting down the job server queue.
[2026-04-08 11:12:50Z INFO JobServerQueue] Fire signal to shutdown all queues.
[2026-04-08 11:12:52Z INFO ResultServer] Successfully started websocket client.
[2026-04-08 11:12:52Z INFO JobServerQueue] Try to append 1 batches web console lines for record 'd4a15773-7b0c-4ce5-ab9f-a2be934589b1', success rate: 1/1.
[2026-04-08 11:12:55Z INFO JobServerQueue] Job timeline record has been updated for the first time.
[2026-04-08 11:12:56Z INFO JobServerQueue] All queue process task stopped.
[2026-04-08 11:12:56Z INFO JobServerQueue] Try to append 1 batches web console lines for record 'd4a15773-7b0c-4ce5-ab9f-a2be934589b1', success rate: 1/1.
[2026-04-08 11:12:56Z INFO JobServerQueue] Try to append 1 batches web console lines for record '5248f4e1-f671-5b09-b026-7458034a9428', success rate: 1/1.
[2026-04-08 11:12:56Z INFO JobServerQueue] Web console line queue drained.
[2026-04-08 11:12:56Z INFO JobServerQueue] Uploading 2 files in one shot.
[2026-04-08 11:12:56Z INFO JobServerQueue] Try to upload 2 log files or attachments, success rate: 2/2.
[2026-04-08 11:12:56Z INFO JobServerQueue] File upload queue drained.
[2026-04-08 11:12:56Z INFO JobServerQueue] Starting results-based upload queue...
[2026-04-08 11:12:56Z INFO JobServerQueue] Uploading 2 file(s) in one shot through results service.
[2026-04-08 11:12:56Z INFO JobServerQueue] Got a step log file to send to results service.
[2026-04-08 11:12:56Z INFO JobServerQueue] Starting upload of step log file to results service ResultsLog, C:\Users\HP\Downloads\MarkLogic\actions-runner\_diag\blocks\baeeadbe-c4e7-4868-859b-50be9bcf05a8_d4a15773-7b0c-4ce5-ab9f-a2be934589b1.1
[2026-04-08 11:13:02Z INFO JobServerQueue] Got a job log file to send to results service.
[2026-04-08 11:13:02Z INFO JobServerQueue] Starting upload of job log file to results service ResultsLog, C:\Users\HP\Downloads\MarkLogic\actions-runner\_diag\blocks\baeeadbe-c4e7-4868-859b-50be9bcf05a8_5248f4e1-f671-5b09-b026-7458034a9428.1
[2026-04-08 11:13:04Z INFO JobServerQueue] Tried to upload 2 file(s) to results, success rate: 2/2.
[2026-04-08 11:13:04Z INFO JobServerQueue] Results upload queue drained.
[2026-04-08 11:13:04Z INFO JobServerQueue] Timeline update queue drained.
[2026-04-08 11:13:04Z INFO JobServerQueue] Disposing job server ...
[2026-04-08 11:13:04Z INFO JobServerQueue] Disposing results server ...
[2026-04-08 11:13:04Z INFO JobServerQueue] All queue process tasks have been stopped, and all queues are drained.
[2026-04-08 11:13:04Z INFO TempDirectoryManager] Cleaning runner temp folder: C:\Users\HP\Downloads\MarkLogic\actions-runner\_work\_temp
[2026-04-08 11:13:04Z INFO HostContext] Well known directory 'Bin': 'C:\Users\HP\Downloads\MarkLogic\actions-runner\bin'
[2026-04-08 11:13:04Z INFO HostContext] Well known directory 'Root': 'C:\Users\HP\Downloads\MarkLogic\actions-runner'
[2026-04-08 11:13:04Z INFO HostContext] Well known directory 'Diag': 'C:\Users\HP\Downloads\MarkLogic\actions-runner\_diag'
[2026-04-08 11:13:04Z INFO HostContext] Well known config file 'Telemetry': 'C:\Users\HP\Downloads\MarkLogic\actions-runner\_diag\.telemetry'
[2026-04-08 11:13:04Z INFO JobRunner] Raising job completed against run service
